Log file open, 03/03/19 11:01:07
LogWindows: Failed to load 'aqProf.dll' (GetLastError=126)
LogWindows: File 'aqProf.dll' does not exist
LogWindows: Failed to load 'VSPerf140.dll' (GetLastError=126)
LogWindows: File 'VSPerf140.dll' does not exist
LogWindows: Failed to load 'VtuneApi.dll' (GetLastError=126)
LogWindows: File 'VtuneApi.dll' does not exist
LogWindows: Failed to load 'VtuneApi32e.dll' (GetLastError=126)
LogWindows: File 'VtuneApi32e.dll' does not exist
LogInit: Display: Running engine for game: Practice_04
LogPlatformFile: Not using cached read wrapper
LogTaskGraph: Started task graph with 5 named threads and 23 total threads with 3 sets of task threads.
LogStats: Stats thread started at 0.403576
LogD3D11RHI: Loaded GFSDK_Aftermath_Lib.x64.dll
LogICUInternationalization: Display: ICU TimeZone Detection - Raw Offset: +2:00, Platform Override: ''
LogPluginManager: Mounting plugin Paper2D
LogPluginManager: Mounting plugin AISupport
LogPluginManager: Mounting plugin LightPropagationVolume
LogPluginManager: Mounting plugin CLionSourceCodeAccess
LogPluginManager: Mounting plugin CodeLiteSourceCodeAccess
LogPluginManager: Mounting plugin GitSourceControl
LogPluginManager: Mounting plugin KDevelopSourceCodeAccess
LogPluginManager: Mounting plugin NullSourceCodeAccess
LogPluginManager: Mounting plugin PerforceSourceControl
LogPluginManager: Mounting plugin SubversionSourceControl
LogPluginManager: Mounting plugin UObjectPlugin
LogPluginManager: Mounting plugin VisualStudioCodeSourceCodeAccess
LogPluginManager: Mounting plugin VisualStudioSourceCodeAccess
LogPluginManager: Mounting plugin XCodeSourceCodeAccess
LogPluginManager: Mounting plugin AssetManagerEditor
LogPluginManager: Mounting plugin CryptoKeys
LogPluginManager: Mounting plugin DataValidation
LogPluginManager: Mounting plugin FacialAnimation
LogPluginManager: Mounting plugin GameplayTagsEditor
LogPluginManager: Mounting plugin MacGraphicsSwitching
LogPluginManager: Mounting plugin MeshEditor
LogPluginManager: Mounting plugin MobileLauncherProfileWizard
LogPluginManager: Mounting plugin PluginBrowser
LogPluginManager: Mounting plugin SpeedTreeImporter
LogPluginManager: Mounting plugin DatasmithContent
LogPluginManager: Mounting plugin AlembicImporter
LogPluginManager: Mounting plugin AppleImageUtils
LogPluginManager: Mounting plugin AppleVision
LogPluginManager: Mounting plugin BackChannel
LogPluginManager: Mounting plugin CharacterAI
LogPluginManager: Mounting plugin GeometryCache
LogPluginManager: Mounting plugin HTML5Networking
LogPluginManager: Mounting plugin ProxyLODPlugin
LogPluginManager: Mounting plugin MagicLeap
LogPluginManager: Mounting plugin MagicLeapEmulator
LogPluginManager: Mounting plugin MagicLeapMedia
LogPluginManager: Mounting plugin AndroidMedia
LogPluginManager: Mounting plugin AvfMedia
LogPluginManager: Mounting plugin ImgMedia
LogPluginManager: Mounting plugin LinearTimecode
LogPluginManager: Mounting plugin MediaCompositing
LogPluginManager: Mounting plugin MediaPlayerEditor
LogPluginManager: Mounting plugin WmfMedia
LogPluginManager: Mounting plugin TcpMessaging
LogPluginManager: Mounting plugin UdpMessaging
LogPluginManager: Mounting plugin ActorSequence
LogPluginManager: Mounting plugin LevelSequenceEditor
LogPluginManager: Mounting plugin MatineeToLevelSequence
LogPluginManager: Mounting plugin NetcodeUnitTest
LogPluginManager: Mounting plugin NUTUnrealEngine4
LogPluginManager: Mounting plugin OnlineSubsystemGooglePlay
LogPluginManager: Mounting plugin OnlineSubsystemIOS
LogPluginManager: Mounting plugin OnlineSubsystem
LogPluginManager: Mounting plugin OnlineSubsystemNull
LogPluginManager: Mounting plugin OnlineSubsystemUtils
LogPluginManager: Mounting plugin LauncherChunkInstaller
LogPluginManager: Mounting plugin AndroidDeviceProfileSelector
LogPluginManager: Mounting plugin AndroidMoviePlayer
LogPluginManager: Mounting plugin AndroidPermission
LogPluginManager: Mounting plugin AppleMoviePlayer
LogPluginManager: Mounting plugin ArchVisCharacter
LogPluginManager: Mounting plugin AudioCapture
LogPluginManager: Mounting plugin CableComponent
LogPluginManager: Mounting plugin CustomMeshComponent
LogPluginManager: Mounting plugin EditableMesh
LogPluginManager: Mounting plugin ExampleDeviceProfileSelector
LogPluginManager: Mounting plugin GoogleCloudMessaging
LogPluginManager: Mounting plugin ImmediatePhysics
LogPluginManager: Mounting plugin IOSDeviceProfileSelector
LogPluginManager: Mounting plugin LinuxDeviceProfileSelector
LogPluginManager: Mounting plugin LocationServicesBPLibrary
LogPluginManager: Mounting plugin MobilePatchingUtils
LogPluginManager: Mounting plugin OculusVR
LogPluginManager: Plugin shader directory ../../../Engine/Plugins/Runtime/Oculus/OculusVR/Shaders found
LogPluginManager: Mapping shader source directory ../../../Engine/Plugins/Runtime/Oculus/OculusVR/Shaders to virtual directory /Plugin/OculusVR
LogPluginManager: Mounting plugin PhysXVehicles
LogPluginManager: Mounting plugin ProceduralMeshComponent
LogPluginManager: Mounting plugin RuntimePhysXCooking
LogPluginManager: Mounting plugin SteamVR
LogPluginManager: Mounting plugin WindowsMoviePlayer
LogStreaming: Display: Took  0.091s to configure plugins.
LogInit: Using libcurl 7.55.1-DEV
LogInit:  - built for x86_64-pc-win32
LogInit:  - supports SSL with OpenSSL/1.0.2h
LogInit:  - supports HTTP deflate (compression) using libz 1.2.8
LogInit:  - other features:
LogInit:      CURL_VERSION_SSL
LogInit:      CURL_VERSION_LIBZ
LogInit:      CURL_VERSION_IPV6
LogInit:      CURL_VERSION_ASYNCHDNS
LogInit:      CURL_VERSION_LARGEFILE
LogInit:      CURL_VERSION_IDN
LogInit:  CurlRequestOptions (configurable via config and command line):
LogInit:  - bVerifyPeer = false  - Libcurl will NOT verify peer certificate
LogInit:  - bUseHttpProxy = false  - Libcurl will NOT use HTTP proxy
LogInit:  - bDontReuseConnections = false  - Libcurl will reuse connections
LogInit:  - CertBundlePath = nullptr  - Libcurl will use whatever was configured at build time.
LogInit:  - MaxHostConnections = 16  - Libcurl will limit the number of connections to a host
LogInit:  - LocalHostAddr = Default
LogInit:  - BufferSize = 65536
LogInit: WinSock: version 1.1 (2.2), MaxSocks=32767, MaxUdp=65467
LogInit: Build: ++UE4+Release-4.20-CL-4369336
LogInit: Engine Version: 4.20.3-4369336+++UE4+Release-4.20
LogInit: Compatible Engine Version: 4.20.0-4212847+++UE4+Release-4.20
LogInit: Net CL: 4212847
LogInit: OS: Windows 10 (), CPU: Intel(R) Core(TM) i7-4790K CPU @ 4.00GHz, GPU: NVIDIA GeForce GTX 960
LogInit: Compiled (64-bit): Sep 17 2018 12:26:19
LogInit: Compiled with Visual C++: 19.13.26129.00
LogInit: Build Configuration: Development
LogInit: Branch Name: ++UE4+Release-4.20
LogInit: Command Line:  -skipcompile
LogInit: Base Directory: C:/Program Files/Epic Games/UE_4.20/Engine/Binaries/Win64/
LogInit: Installed Engine Build: 1
LogDevObjectVersion: Number of dev versions registered: 20
LogDevObjectVersion:   Dev-Blueprints (B0D832E4-1F89-4F0D-ACCF-7EB736FD4AA2): 10
LogDevObjectVersion:   Dev-Build (E1C64328-A22C-4D53-A36C-8E866417BD8C): 0
LogDevObjectVersion:   Dev-Core (375EC13C-06E4-48FB-B500-84F0262A717E): 2
LogDevObjectVersion:   Dev-Editor (E4B068ED-F494-42E9-A231-DA0B2E46BB41): 24
LogDevObjectVersion:   Dev-Framework (CFFC743F-43B0-4480-9391-14DF171D2073): 34
LogDevObjectVersion:   Dev-Mobile (B02B49B5-BB20-44E9-A304-32B752E40360): 2
LogDevObjectVersion:   Dev-Networking (A4E4105C-59A1-49B5-A7C5-40C4547EDFEE): 0
LogDevObjectVersion:   Dev-Online (39C831C9-5AE6-47DC-9A44-9C173E1C8E7C): 0
LogDevObjectVersion:   Dev-Physics (78F01B33-EBEA-4F98-B9B4-84EACCB95AA2): 0
LogDevObjectVersion:   Dev-Platform (6631380F-2D4D-43E0-8009-CF276956A95A): 0
LogDevObjectVersion:   Dev-Rendering (12F88B9F-8875-4AFC-A67C-D90C383ABD29): 26
LogDevObjectVersion:   Dev-Sequencer (7B5AE74C-D270-4C10-A958-57980B212A5A): 9
LogDevObjectVersion:   Dev-VR (D7296918-1DD6-4BDD-9DE2-64A83CC13884): 2
LogDevObjectVersion:   Dev-LoadTimes (C2A15278-BFE7-4AFE-6C17-90FF531DF755): 1
LogDevObjectVersion:   Private-Geometry (6EACA3D4-40EC-4CC1-B786-8BED09428FC5): 3
LogDevObjectVersion:   Dev-AnimPhys (29E575DD-E0A3-4627-9D10-D276232CDCEA): 17
LogDevObjectVersion:   Dev-ReflectionCapture (6B266CEC-1EC7-4B8F-A30B-E4D90942FC07): 1
LogDevObjectVersion:   Dev-Automation (0DF73D61-A23F-47EA-B727-89E90C41499A): 1
LogDevObjectVersion:   FortniteMain (601D1886-AC64-4F84-AA16-D3DE0DEAC7D6): 12
LogDevObjectVersion:   Dev-Enterprise (9DFFBCD6-494F-0158-E221-12823C92A888): 1
LogStreaming: Display: Took  0.002s to delete old logs.
LogInit: Presizing for max 8388607 objects, including 0 objects not considered by GC, pre-allocating 0 bytes for permanent pool.
LogInit: Object subsystem initialized
[2019.03.03-09.01.07:972][  0]LogInit: Selected Device Profile: [Windows]
[2019.03.03-09.01.07:972][  0]LogInit: Applying CVar settings loaded from the selected device profile: [Windows]
[2019.03.03-09.01.07:983][  0]LogHAL: Display: Platform has ~ 16 GB [17118846976 / 17179869184 / 16], which maps to Larger [LargestMinGB=32, LargerMinGB=12, DefaultMinGB=8, SmallerMinGB=6, SmallestMinGB=0)
[2019.03.03-09.01.07:983][  0]LogInit: Setting Device Profile CVar: [[r.Vulkan.UseRealUBs:1]]
[2019.03.03-09.01.07:983][  0]LogInit: Going up to parent DeviceProfile []
[2019.03.03-09.01.07:983][  0]LogInit: Computer: DESKTOP-N8AGF2M
[2019.03.03-09.01.07:983][  0]LogInit: User: Home
[2019.03.03-09.01.07:983][  0]LogInit: CPU Page size=4096, Cores=4
[2019.03.03-09.01.07:983][  0]LogInit: High frequency timer resolution =3.903992 MHz
[2019.03.03-09.01.07:984][  0]LogMemory: Memory total: Physical=15.9GB (16GB approx)
[2019.03.03-09.01.07:984][  0]LogMemory: Platform Memory Stats for Windows
[2019.03.03-09.01.07:984][  0]LogMemory: Process Physical Memory: 100.52 MB used, 100.52 MB peak
[2019.03.03-09.01.07:984][  0]LogMemory: Process Virtual Memory: 91.66 MB used, 91.66 MB peak
[2019.03.03-09.01.07:984][  0]LogMemory: Physical Memory: 12074.02 MB used,  4251.79 MB free, 16325.80 MB total
[2019.03.03-09.01.07:984][  0]LogMemory: Virtual Memory: 4645.23 MB used,  4251.79 MB free, 134217728.00 MB total
[2019.03.03-09.01.08:086][  0]LogInit: Using OS detected language (en-US).
[2019.03.03-09.01.08:087][  0]LogInit: Using OS detected locale (en-US).
[2019.03.03-09.01.08:088][  0]LogTextLocalizationManager: No specific localization for 'en-US' exists, so the 'en' localization will be used.
[2019.03.03-09.01.08:421][  0]LogStreaming: Display: Took  0.335s to InitEngineTextLocalization.
[2019.03.03-09.01.08:422][  0]LogInit: Setting process to per monitor DPI aware
[2019.03.03-09.01.08:495][  0]LogSlate: New Slate User Created.  User Index 0, Is Virtual User: 0
[2019.03.03-09.01.08:495][  0]LogSlate: Slate User Registered.  User Index 0, Is Virtual User: 0
[2019.03.03-09.01.08:701][  0]LogHMD: Failed to initialize OpenVR with code 110
[2019.03.03-09.01.08:701][  0]LogD3D11RHI: D3D11 adapters:
[2019.03.03-09.01.08:783][  0]LogD3D11RHI:    0. 'NVIDIA GeForce GTX 960' (Feature Level 11_0)
[2019.03.03-09.01.08:783][  0]LogD3D11RHI:       2016/0/8162 MB DedicatedVideo/DedicatedSystem/SharedSystem, Outputs:3, VendorId:0x10de
[2019.03.03-09.01.08:787][  0]LogD3D11RHI:    1. 'Microsoft Basic Render Driver' (Feature Level 11_0)
[2019.03.03-09.01.08:787][  0]LogD3D11RHI:       0/0/8162 MB DedicatedVideo/DedicatedSystem/SharedSystem, Outputs:0, VendorId:0x1414
[2019.03.03-09.01.08:787][  0]LogD3D11RHI: Chosen D3D11 Adapter: 0
[2019.03.03-09.01.08:796][  0]LogD3D11RHI: Creating new Direct3DDevice
[2019.03.03-09.01.08:796][  0]LogD3D11RHI:     GPU DeviceId: 0x1401 (for the marketing name, search the web for "GPU Device Id")
[2019.03.03-09.01.08:796][  0]LogWindows: EnumDisplayDevices:
[2019.03.03-09.01.08:797][  0]LogWindows:    0. 'NVIDIA GeForce GTX 960' (P:1 D:1)
[2019.03.03-09.01.08:797][  0]LogWindows:    1. 'NVIDIA GeForce GTX 960' (P:0 D:1)
[2019.03.03-09.01.08:798][  0]LogWindows:    2. 'NVIDIA GeForce GTX 960' (P:0 D:1)
[2019.03.03-09.01.08:798][  0]LogWindows:    3. 'NVIDIA GeForce GTX 960' (P:0 D:0)
[2019.03.03-09.01.08:798][  0]LogWindows: DebugString: FoundDriverCount:4 
[2019.03.03-09.01.08:798][  0]LogD3D11RHI:     Adapter Name: NVIDIA GeForce GTX 960
[2019.03.03-09.01.08:798][  0]LogD3D11RHI:   Driver Version: 388.13 (internal:23.21.13.8813, unified:388.13)
[2019.03.03-09.01.08:798][  0]LogD3D11RHI:      Driver Date: 10-27-2017
[2019.03.03-09.01.08:798][  0]LogRHI: Texture pool is 1411 MB (70% of 2016 MB)
[2019.03.03-09.01.08:836][  0]LogD3D11RHI: Async texture creation enabled
[2019.03.03-09.01.08:848][  0]LogD3D11RHI: GPU Timing Frequency: 1000.000000 (Debug: 2 1)
[2019.03.03-09.01.08:940][  0]LogShaderCompilers: Guid format shader working directory is 9 characters bigger than the processId version (D:/UNREAL/Practice/CODE/Practice_04/Intermediate/Shaders/WorkingDirectory/20368/).
[2019.03.03-09.01.08:941][  0]LogShaderCompilers: Cleaned the shader compiler working directory 'C:/Users/Home/AppData/Local/Temp/UnrealShaderWorkingDir/510120354A90D0622DFEF2ADD0DED774/'.
[2019.03.03-09.01.09:287][  0]LogTemp: Display: Loaded TP AllDesktopTargetPlatform
[2019.03.03-09.01.09:306][  0]LogTemp: Display: Loaded TP MacClientTargetPlatform
[2019.03.03-09.01.09:330][  0]LogTemp: Display: Loaded TP MacNoEditorTargetPlatform
[2019.03.03-09.01.09:350][  0]LogTemp: Display: Loaded TP MacServerTargetPlatform
[2019.03.03-09.01.09:373][  0]LogTemp: Display: Loaded TP MacTargetPlatform
[2019.03.03-09.01.09:394][  0]LogTemp: Display: Loaded TP WindowsClientTargetPlatform
[2019.03.03-09.01.09:415][  0]LogTemp: Display: Loaded TP WindowsNoEditorTargetPlatform
[2019.03.03-09.01.09:436][  0]LogTemp: Display: Loaded TP WindowsServerTargetPlatform
[2019.03.03-09.01.09:452][  0]LogTemp: Display: Loaded TP WindowsTargetPlatform
[2019.03.03-09.01.09:529][  0]LogTemp: Display: Loaded TP AndroidTargetPlatform
[2019.03.03-09.01.09:529][  0]LogTemp: Display: Loaded TP AndroidTargetPlatform
[2019.03.03-09.01.09:529][  0]LogTemp: Display: Loaded TP AndroidTargetPlatform
[2019.03.03-09.01.09:529][  0]LogTemp: Display: Loaded TP AndroidTargetPlatform
[2019.03.03-09.01.09:529][  0]LogTemp: Display: Loaded TP AndroidTargetPlatform
[2019.03.03-09.01.09:529][  0]LogTemp: Display: Loaded TP AndroidTargetPlatform
[2019.03.03-09.01.09:529][  0]LogTemp: Display: Loaded TP AndroidTargetPlatform
[2019.03.03-09.01.09:529][  0]LogTemp: Display: Loaded TP AndroidTargetPlatform
[2019.03.03-09.01.09:529][  0]LogTemp: Display: Loaded TP AndroidTargetPlatform
[2019.03.03-09.01.09:529][  0]LogTemp: Display: Loaded TP AndroidTargetPlatform
[2019.03.03-09.01.09:529][  0]LogTemp: Display: Loaded TP AndroidTargetPlatform
[2019.03.03-09.01.09:529][  0]LogTemp: Display: Loaded TP AndroidTargetPlatform
[2019.03.03-09.01.09:530][  0]LogTemp: Display: Loaded TP AndroidTargetPlatform
[2019.03.03-09.01.09:530][  0]LogTemp: Display: Loaded TP AndroidTargetPlatform
[2019.03.03-09.01.09:530][  0]LogTemp: Display: Loaded TP AndroidTargetPlatform
[2019.03.03-09.01.09:530][  0]LogTemp: Display: Loaded TP AndroidTargetPlatform
[2019.03.03-09.01.09:530][  0]LogTemp: Display: Loaded TP AndroidTargetPlatform
[2019.03.03-09.01.09:530][  0]LogTemp: Display: Loaded TP AndroidTargetPlatform
[2019.03.03-09.01.09:535][  0]LogTemp: Display: Loaded TP HTML5TargetPlatform
[2019.03.03-09.01.09:614][  0]LogTemp: Display: Loaded TP IOSTargetPlatform
[2019.03.03-09.01.09:614][  0]LogTemp: Display: Loaded TP IOSTargetPlatform
[2019.03.03-09.01.09:641][  0]LogTemp: Display: Loaded TP TVOSTargetPlatform
[2019.03.03-09.01.09:641][  0]LogTemp: Display: Loaded TP TVOSTargetPlatform
[2019.03.03-09.01.09:657][  0]LogTemp: Display: Loaded TP LinuxClientTargetPlatform
[2019.03.03-09.01.09:672][  0]LogTemp: Display: Loaded TP LinuxNoEditorTargetPlatform
[2019.03.03-09.01.09:690][  0]LogTemp: Display: Loaded TP LinuxServerTargetPlatform
[2019.03.03-09.01.09:706][  0]LogTemp: Display: Loaded TP LinuxTargetPlatform
[2019.03.03-09.01.09:719][  0]LogTemp: Display: Loaded TP LuminTargetPlatform
[2019.03.03-09.01.09:719][  0]LogTargetPlatformManager: Display: Building Assets For Windows
[2019.03.03-09.01.09:946][  0]LogXGEController: Cleaning working directory: C:/Users/Home/AppData/Local/Temp/UnrealXGEWorkingDir/
[2019.03.03-09.01.09:946][  0]LogXGEController: Cannot use XGE Controller as Incredibuild is not installed on this machine.
[2019.03.03-09.01.09:947][  0]LogShaderCompilers: Cannot use XGE Shader Compiler as Incredibuild is not installed on this machine.
[2019.03.03-09.01.09:947][  0]LogShaderCompilers: Display: Using Local Shader Compiler.
[2019.03.03-09.01.10:658][  0]LogDerivedDataCache: Display: Max Cache Size: 512 MB
[2019.03.03-09.01.10:740][  0]LogDerivedDataCache: Loaded boot cache 0.08s 73MB C:/Users/Home/AppData/Local/UnrealEngine/4.20/DerivedDataCache/Boot.ddc.
[2019.03.03-09.01.10:741][  0]LogDerivedDataCache: Display: Loaded Boot cache: C:/Users/Home/AppData/Local/UnrealEngine/4.20/DerivedDataCache/Boot.ddc
[2019.03.03-09.01.10:741][  0]LogDerivedDataCache: FDerivedDataBackendGraph:  Pak pak cache file D:/UNREAL/Practice/CODE/Practice_04/DerivedDataCache/DDC.ddp not found, will not use a pak cache.
[2019.03.03-09.01.10:741][  0]LogDerivedDataCache: Unable to find inner node Pak for hierarchical cache Hierarchy.
[2019.03.03-09.01.10:741][  0]LogDerivedDataCache: FDerivedDataBackendGraph:  CompressedPak pak cache file D:/UNREAL/Practice/CODE/Practice_04/DerivedDataCache/Compressed.ddp not found, will not use a pak cache.
[2019.03.03-09.01.10:741][  0]LogDerivedDataCache: Unable to find inner node CompressedPak for hierarchical cache Hierarchy.
[2019.03.03-09.01.10:752][  0]LogDerivedDataCache: Display: Pak cache opened for reading ../../../Engine/DerivedDataCache/Compressed.ddp.
[2019.03.03-09.01.10:764][  0]LogDerivedDataCache: Using Local data cache path C:/Users/Home/AppData/Local/UnrealEngine/Common/DerivedDataCache: Writable
[2019.03.03-09.01.10:764][  0]LogDerivedDataCache: Shared data cache path not found in *engine.ini, will not use an Shared cache.
[2019.03.03-09.01.10:764][  0]LogDerivedDataCache: Unable to find inner node Shared for hierarchical cache Hierarchy.
[2019.03.03-09.01.10:780][  0]LogMaterial: Verifying Global Shaders for PCD3D_SM5
[2019.03.03-09.01.10:782][  0]LogSlate: Using FreeType 2.6.0
[2019.03.03-09.01.10:782][  0]LogSlate: SlateFontServices - WITH_FREETYPE: 1, WITH_HARFBUZZ: 1
[2019.03.03-09.01.10:858][  0]LogAssetRegistry: FAssetRegistry took 0.0282 seconds to start up
[2019.03.03-09.01.11:139][  0]LogInit: Selected Device Profile: [Windows]
[2019.03.03-09.01.11:318][  0]LogSimplygon: Simplygon DLL not present - disabling.
[2019.03.03-09.01.11:339][  0]LogMeshReduction: Using SimplygonSwarm for distributed automatic mesh merging
[2019.03.03-09.01.11:339][  0]LogMeshReduction: Using ProxyLODMeshReduction for automatic mesh merging
[2019.03.03-09.01.11:339][  0]LogMeshReduction: Using QuadricMeshReduction for automatic static mesh reduction
[2019.03.03-09.01.11:339][  0]LogMeshReduction: No automatic skeletal mesh reduction module available
[2019.03.03-09.01.11:367][  0]LogNetVersion: Practice_04 1.0.0, NetCL: 4212847, EngineNetVer: 5, GameNetVer: 0 (Checksum: 1482215824)
[2019.03.03-09.01.11:807][  0]LogPackageLocalizationCache: Processed 11 localized package path(s) for 2 prioritized culture(s) in 0.079225 seconds
[2019.03.03-09.01.11:812][  0]LogUObjectArray: 38425 objects as part of root set at end of initial load.
[2019.03.03-09.01.11:812][  0]LogUObjectAllocator: 6690864 out of 0 bytes used by permanent object pool.
[2019.03.03-09.01.11:812][  0]LogUObjectArray: CloseDisregardForGC: 0/0 objects in disregard for GC pool
[2019.03.03-09.01.12:095][  0]LogSlate: Only pngs are supported in Slate
[2019.03.03-09.01.12:119][  0]LogSlate: Only pngs are supported in Slate
[2019.03.03-09.01.12:123][  0]LogSlate: Only pngs are supported in Slate
[2019.03.03-09.01.12:127][  0]LogSlate: Only pngs are supported in Slate
[2019.03.03-09.01.12:150][  0]LogSlate: Only pngs are supported in Slate
[2019.03.03-09.01.12:174][  0]LogSlate: Only pngs are supported in Slate
[2019.03.03-09.01.12:178][  0]LogSlate: Only pngs are supported in Slate
[2019.03.03-09.01.12:841][  0]LogLinker: Warning: The file '../../../Engine/Content/EngineMaterials/DefaultPhysicalMaterial.uasset' contains unrecognizable data, check that it is of the expected type.
[2019.03.03-09.01.12:842][  0]LogLinker: Warning: The file '../../../Engine/Content/EngineMaterials/DefaultPhysicalMaterial.uasset' contains unrecognizable data, check that it is of the expected type.
[2019.03.03-09.01.12:842][  0]LogLinker: Warning: The file '../../../Engine/Content/EngineMaterials/DefaultPhysicalMaterial.uasset' contains unrecognizable data, check that it is of the expected type.
[2019.03.03-09.01.12:842][  0]LogLinker: Warning: The file '../../../Engine/Content/EngineMaterials/DefaultPhysicalMaterial.uasset' contains unrecognizable data, check that it is of the expected type.
[2019.03.03-09.01.12:843][  0]LogLinker: Warning: The file '../../../Engine/Content/EngineMaterials/DefaultPhysicalMaterial.uasset' contains unrecognizable data, check that it is of the expected type.
[2019.03.03-09.01.12:843][  0]LogLinker: Warning: The file '../../../Engine/Content/EngineMaterials/DefaultPhysicalMaterial.uasset' contains unrecognizable data, check that it is of the expected type.
[2019.03.03-09.01.12:937][  0]LogTcpMessaging: Initializing TcpMessaging bridge
[2019.03.03-09.01.12:957][  0]LogUdpMessaging: Initializing bridge on interface 0.0.0.0:0 to multicast group 230.0.0.1:6666.
[2019.03.03-09.01.13:381][  0]SourceControl: Source control is disabled
[2019.03.03-09.01.13:381][  0]SourceControl: Source control is disabled
[2019.03.03-09.01.13:394][  0]SourceControl: Source control is disabled
[2019.03.03-09.01.13:400][  0]SourceControl: Source control is disabled
[2019.03.03-09.01.13:783][  0]LogAndroidPermission: UAndroidPermissionCallbackProxy::GetInstance
[2019.03.03-09.01.13:919][  0]LogOcInput: OculusInput pre-init called
[2019.03.03-09.01.14:011][  0]LogEngine: Initializing Engine...
[2019.03.03-09.01.14:012][  0]LogHMD: Failed to initialize OpenVR with code 110
[2019.03.03-09.01.14:013][  0]LogStats: UGameplayTagsManager::ConstructGameplayTagTree: ImportINI prefixes -  0.000 s
[2019.03.03-09.01.14:013][  0]LogStats: UGameplayTagsManager::ConstructGameplayTagTree: Construct from data asset -  0.000 s
[2019.03.03-09.01.14:013][  0]LogStats: UGameplayTagsManager::ConstructGameplayTagTree: ImportINI -  0.000 s
[2019.03.03-09.01.14:014][  0]LogStats: UGameplayTagsManager::ConstructGameplayTagTree: GameplayTagTreeChangedEvent.Broadcast -  0.000 s
[2019.03.03-09.01.14:189][  0]LogLinker: Warning: The file '../../../Engine/Content/EngineMaterials/DefaultPhysicalMaterial.uasset' contains unrecognizable data, check that it is of the expected type.
[2019.03.03-09.01.14:189][  0]LogUObjectGlobals: Warning: Failed to find object 'PhysicalMaterial /Engine/EngineMaterials/DefaultPhysicalMaterial.DefaultPhysicalMaterial'
[2019.03.03-09.01.14:189][  0]LogEngine: Error: The default physical material (/Engine/EngineMaterials/DefaultPhysicalMaterial.DefaultPhysicalMaterial) was not found. Please make sure you have your default physical material set up correctly.
[2019.03.03-09.01.14:194][  0]LogInit: Initializing FReadOnlyCVARCache
[2019.03.03-09.01.14:222][  0]LogAIModule: Creating AISystem for world Untitled
[2019.03.03-09.01.14:241][  0]LogInit: XAudio2 using 'Headphones (High Definition Audio Device)' : 2 channels at 48 kHz using 16 bits per sample (channel mask 0x3)
[2019.03.03-09.01.14:258][  0]LogInit: FAudioDevice initialized.
[2019.03.03-09.01.14:259][  0]LogNetVersion: Set ProjectVersion to 1.0.0.0. Version Checksum will be recalculated on next use.
[2019.03.03-09.01.14:390][  0]LogDerivedDataCache: Saved boot cache 0.13s 73MB C:/Users/Home/AppData/Local/UnrealEngine/4.20/DerivedDataCache/Boot.ddc.
[2019.03.03-09.01.14:398][  0]LogInit: Texture streaming: Enabled
[2019.03.03-09.01.14:444][  0]LogEngineSessionManager: EngineSessionManager initialized
[2019.03.03-09.01.14:466][  0]LogInit: Transaction tracking system initialized
[2019.03.03-09.01.14:547][  0]BlueprintLog: New page: Editor Load
[2019.03.03-09.01.14:840][  0]LocalizationService: Localization service is disabled
[2019.03.03-09.01.15:148][  0]LogLinker: Warning: The file '../../../Engine/Content/EngineMaterials/DefaultPhysicalMaterial.uasset' contains unrecognizable data, check that it is of the expected type.
[2019.03.03-09.01.15:187][  0]LogCook: Display: Max memory allowance for cook 16384mb min free memory 0mb
[2019.03.03-09.01.15:187][  0]LogCook: Display: Mobile HDR setting 1
[2019.03.03-09.01.15:188][  0]LogGameplayTags: Display: UGameplayTagsManager::DoneAddingNativeTags. DelegateIsBound: 0
[2019.03.03-09.01.15:188][  0]LogStats: UGameplayTagsManager::ConstructGameplayTagTree: ImportINI prefixes -  0.000 s
[2019.03.03-09.01.15:188][  0]LogStats: UGameplayTagsManager::ConstructGameplayTagTree: Construct from data asset -  0.000 s
[2019.03.03-09.01.15:188][  0]LogStats: UGameplayTagsManager::ConstructGameplayTagTree: ImportINI -  0.000 s
[2019.03.03-09.01.15:188][  0]LogStats: UGameplayTagsManager::ConstructGameplayTagTree: GameplayTagTreeChangedEvent.Broadcast -  0.000 s
[2019.03.03-09.01.15:516][  0]LogFileCache: Scanning file cache for directory 'D:/UNREAL/Practice/CODE/Practice_04/Content/' took 0.01s
[2019.03.03-09.01.15:516][  0]SourceControl: Source control is disabled
[2019.03.03-09.01.15:517][  0]Cmd: MAP LOAD FILE="D:/UNREAL/Practice/CODE/Practice_04/Content/FirstPersonCPP/Maps/FirstPersonExampleMap.umap" TEMPLATE=0 SHOWPROGRESS=1 FEATURELEVEL=3
[2019.03.03-09.01.15:517][  0]LightingResults: New page: Lighting Build
[2019.03.03-09.01.15:523][  0]MapCheck: New page: Map Check
[2019.03.03-09.01.15:523][  0]LightingResults: New page: Lighting Build
[2019.03.03-09.01.15:694][  0]LogAIModule: Creating AISystem for world FirstPersonExampleMap
[2019.03.03-09.01.15:703][  0]LogEditorServer: Finished looking for orphan Actors (0.000 secs)
[2019.03.03-09.01.15:721][  0]Cmd: MAP CHECKDEP NOCLEARLOG
[2019.03.03-09.01.15:808][  0]MapCheck: Map check complete: 0 Error(s), 0 Warning(s), took 86.93ms to complete.
[2019.03.03-09.01.15:808][  0]LogFileHelpers: Loading map 'FirstPersonExampleMap' took 0.292
[2019.03.03-09.01.15:953][  0]LogSlate: Updating window title bar state: overlay mode, drag disabled, window buttons hidden, title bar hidden
[2019.03.03-09.01.15:960][  0]LogSlate: Updating window title bar state: overlay mode, drag disabled, window buttons hidden, title bar hidden
[2019.03.03-09.01.15:967][  0]LogSlate: Updating window title bar state: overlay mode, drag disabled, window buttons hidden, title bar hidden
[2019.03.03-09.01.15:974][  0]LogSlate: Updating window title bar state: overlay mode, drag disabled, window buttons hidden, title bar hidden
[2019.03.03-09.01.15:990][  0]LogCollectionManager: Loaded 0 collections in 0.004624 seconds
[2019.03.03-09.01.16:050][  0]LogFileCache: Scanning file cache for directory 'D:/UNREAL/Practice/CODE/Practice_04/Saved/Collections/' took 0.01s
[2019.03.03-09.01.16:050][  0]LogFileCache: Scanning file cache for directory 'D:/UNREAL/Practice/CODE/Practice_04/Content/Developers/Home/Collections/' took 0.01s
[2019.03.03-09.01.16:050][  0]LogFileCache: Scanning file cache for directory 'D:/UNREAL/Practice/CODE/Practice_04/Content/Collections/' took 0.01s
[2019.03.03-09.01.16:050][  0]LogCollectionManager: Rebuilt the GUID cache for 0 collections in 0.000000 seconds
[2019.03.03-09.01.16:059][  0]LogContentBrowser: Native class hierarchy populated in 0.0087 seconds. Added 2577 classes and 605 folders.
[2019.03.03-09.01.16:070][  0]LogContentBrowser: Native class hierarchy updated for 'WidgetCarousel' in 0.0003 seconds. Added 0 classes and 0 folders.
[2019.03.03-09.01.16:127][  0]LogContentBrowser: Native class hierarchy updated for 'AddContentDialog' in 0.0003 seconds. Added 0 classes and 0 folders.
[2019.03.03-09.01.16:141][  0]LogContentBrowser: Native class hierarchy updated for 'SceneOutliner' in 0.0003 seconds. Added 1 classes and 2 folders.
[2019.03.03-09.01.16:154][  0]LogSlate: Took 0.000242 seconds to synchronously load lazily loaded font '../../../Engine/Content/Slate/Fonts/Roboto-Regular.ttf' (155K)
[2019.03.03-09.01.16:158][  0]LogSlate: Took 0.000205 seconds to synchronously load lazily loaded font '../../../Engine/Content/Slate/Fonts/Roboto-Bold.ttf' (160K)
[2019.03.03-09.01.16:164][  0]LogSlate: Took 0.000279 seconds to synchronously load lazily loaded font '../../../Engine/Content/Editor/Slate/Fonts/FontAwesome.ttf' (139K)
[2019.03.03-09.01.16:165][  0]LogSlate: Took 0.000131 seconds to synchronously load lazily loaded font '../../../Engine/Content/Slate/Fonts/DroidSansMono.ttf' (77K)
[2019.03.03-09.01.16:270][  0]LogRenderer: Reallocating scene render targets to support 1208x576 Format 10 NumSamples 1 (Frame:1).
[2019.03.03-09.01.16:408][  0]LogContentBrowser: Native class hierarchy updated for 'HierarchicalLODOutliner' in 0.0003 seconds. Added 0 classes and 0 folders.
[2019.03.03-09.01.16:408][  0]LogLoad: (Engine Initialization) Total time: 10.98 seconds
[2019.03.03-09.01.16:408][  0]LogLoad: (Engine Initialization) Total Blueprint compile time: 0.00 seconds
[2019.03.03-09.01.16:419][  0]LogWindowsTextInputMethodSystem: Display: IME system now deactivated.
[2019.03.03-09.01.16:439][  0]LogAssetRegistry: Asset discovery search completed in 5.6051 seconds
[2019.03.03-09.01.16:441][  0]LogCollectionManager: Rebuilt the object cache for 0 collections in 0.000000 seconds (found 0 objects)
[2019.03.03-09.01.16:442][  0]LogCollectionManager: Fixed up redirectors for 0 collections in 0.000331 seconds (updated 0 objects)
[2019.03.03-09.01.16:444][  0]LogContentStreaming: Texture pool size now 1000 MB
[2019.03.03-09.01.19:076][230]LogSlate: FSceneViewport::OnFocusLost() reason 2
[2019.03.03-09.01.20:327][377]LogSlate: FSceneViewport::OnFocusLost() reason 2
[2019.03.03-09.01.24:495][802]LogSourceControl: Warning: 'D:/UNREAL/Practice/CODE/Practice_04/' is not part of a Git repository
[2019.03.03-09.01.29:629][404]SourceControl: Error: fatal: not a git repository (or any of the parent directories): .git
[2019.03.03-09.01.29:630][404]SourceControl: Error: fatal: not a git repository (or any of the parent directories): .git
[2019.03.03-09.01.29:631][404]SourceControl: Error: Failed to enable Git source control. You need to initialize the project as a Git repository first.
[2019.03.03-09.01.40:906][714]SourceControl: Error: warning: LF will be replaced by CRLF in .gitignore.
[2019.03.03-09.01.40:907][714]SourceControl: Error: The file will have its original line endings in your working directory
[2019.03.03-09.01.41:429][761]LogSourceControl: commit successful: [master (root-commit) 50a132f] Initial commit
[2019.03.03-09.01.41:432][761]SourceControl: [master (root-commit) 50a132f] Initial commit
[2019.03.03-09.01.41:432][761]SourceControl:  78 files changed, 1248 insertions(+)
[2019.03.03-09.01.41:432][761]SourceControl:  create mode 100644 .gitignore
[2019.03.03-09.01.41:432][761]SourceControl:  create mode 100644 Config/DefaultEditor.ini
[2019.03.03-09.01.41:433][761]SourceControl:  create mode 100644 Config/DefaultEditorPerProjectUserSettings.ini
[2019.03.03-09.01.41:433][761]SourceControl:  create mode 100644 Config/DefaultEngine.ini
[2019.03.03-09.01.41:433][761]SourceControl:  create mode 100644 Config/DefaultGame.ini
[2019.03.03-09.01.41:433][761]SourceControl:  create mode 100644 Config/DefaultInput.ini
[2019.03.03-09.01.41:433][761]SourceControl:  create mode 100644 Content/AmmoSave.asav
[2019.03.03-09.01.41:433][761]SourceControl:  create mode 100644 Content/AmmoSave.bsav
[2019.03.03-09.01.41:434][761]SourceControl:  create mode 100644 Content/FirstPerson/Animations/FirstPersonFire_Montage.uasset
[2019.03.03-09.01.41:434][761]SourceControl:  create mode 100644 Content/FirstPerson/Animations/FirstPerson_AnimBP.uasset
[2019.03.03-09.01.41:434][761]SourceControl:  create mode 100644 Content/FirstPerson/Animations/FirstPerson_Fire.uasset
[2019.03.03-09.01.41:434][761]SourceControl:  create mode 100644 Content/FirstPerson/Animations/FirstPerson_Idle.uasset
[2019.03.03-09.01.41:434][761]SourceControl:  create mode 100644 Content/FirstPerson/Animations/FirstPerson_JumpEnd.uasset
[2019.03.03-09.01.41:435][761]SourceControl:  create mode 100644 Content/FirstPerson/Animations/FirstPerson_JumpLoop.uasset
[2019.03.03-09.01.41:435][761]SourceControl:  create mode 100644 Content/FirstPerson/Animations/FirstPerson_JumpStart.uasset
[2019.03.03-09.01.41:435][761]SourceControl:  create mode 100644 Content/FirstPerson/Animations/FirstPerson_Run.uasset
[2019.03.03-09.01.41:435][761]SourceControl:  create mode 100644 Content/FirstPerson/Audio/FirstPersonTemplateWeaponFire02.uasset
[2019.03.03-09.01.41:436][761]SourceControl:  create mode 100644 Content/FirstPerson/Character/Materials/M_UE4Man_Body.uasset
[2019.03.03-09.01.41:436][761]SourceControl:  create mode 100644 Content/FirstPerson/Character/Materials/MaterialLayers/ML_GlossyBlack_Latex_UE4.uasset
[2019.03.03-09.01.41:436][761]SourceControl:  create mode 100644 Content/FirstPerson/Character/Materials/MaterialLayers/ML_Plastic_Shiny_Beige.uasset
[2019.03.03-09.01.41:436][761]SourceControl:  create mode 100644 Content/FirstPerson/Character/Materials/MaterialLayers/ML_Plastic_Shiny_Beige_LOGO.uasset
[2019.03.03-09.01.41:437][761]SourceControl:  create mode 100644 Content/FirstPerson/Character/Materials/MaterialLayers/ML_SoftMetal_UE4.uasset
[2019.03.03-09.01.41:437][761]SourceControl:  create mode 100644 Content/FirstPerson/Character/Materials/MaterialLayers/T_ML_Aluminum01.uasset
[2019.03.03-09.01.41:437][761]SourceControl:  create mode 100644 Content/FirstPerson/Character/Materials/MaterialLayers/T_ML_Aluminum01_N.uasset
[2019.03.03-09.01.41:437][761]SourceControl:  create mode 100644 Content/FirstPerson/Character/Materials/MaterialLayers/T_ML_Rubber_Blue_01_D.uasset
[2019.03.03-09.01.41:438][761]SourceControl:  create mode 100644 Content/FirstPerson/Character/Materials/MaterialLayers/T_ML_Rubber_Blue_01_N.uasset
[2019.03.03-09.01.41:438][761]SourceControl:  create mode 100644 Content/FirstPerson/Character/Mesh/FirstPersonAnimBlueprint_Copy.uasset
[2019.03.03-09.01.41:438][761]SourceControl:  create mode 100644 Content/FirstPerson/Character/Mesh/SK_Mannequin_Arms.uasset
[2019.03.03-09.01.41:438][761]SourceControl:  create mode 100644 Content/FirstPerson/Character/Mesh/SK_Mannequin_Arms_PhysicsAsset.uasset
[2019.03.03-09.01.41:439][761]SourceControl:  create mode 100644 Content/FirstPerson/Character/Mesh/SK_Mannequin_Arms_Skeleton.uasset
[2019.03.03-09.01.41:439][761]SourceControl:  create mode 100644 Content/FirstPerson/Character/Textures/UE4_LOGO_CARD.uasset
[2019.03.03-09.01.41:439][761]SourceControl:  create mode 100644 Content/FirstPerson/Character/Textures/UE4_Mannequin_MAT_MASKA.uasset
[2019.03.03-09.01.41:439][761]SourceControl:  create mode 100644 Content/FirstPerson/Character/Textures/UE4_Mannequin__normals.uasset
[2019.03.03-09.01.41:440][761]SourceControl:  create mode 100644 Content/FirstPerson/FPWeapon/Materials/M_FPGun.uasset
[2019.03.03-09.01.41:440][761]SourceControl:  create mode 100644 Content/FirstPerson/FPWeapon/Materials/MaterialLayers/ML_GlossyBlack_Latex_UE4.uasset
[2019.03.03-09.01.41:440][761]SourceControl:  create mode 100644 Content/FirstPerson/FPWeapon/Materials/MaterialLayers/ML_Plastic_Shiny_Beige.uasset
[2019.03.03-09.01.41:440][761]SourceControl:  create mode 100644 Content/FirstPerson/FPWeapon/Materials/MaterialLayers/ML_Plastic_Shiny_Beige_LOGO.uasset
[2019.03.03-09.01.41:440][761]SourceControl:  create mode 100644 Content/FirstPerson/FPWeapon/Materials/MaterialLayers/ML_Screen.uasset
[2019.03.03-09.01.41:441][761]SourceControl:  create mode 100644 Content/FirstPerson/FPWeapon/Materials/MaterialLayers/ML_SoftMetal_UE4.uasset
[2019.03.03-09.01.41:441][761]SourceControl:  create mode 100644 Content/FirstPerson/FPWeapon/Materials/MaterialLayers/T_ML_Aluminum01.uasset
[2019.03.03-09.01.41:441][761]SourceControl:  create mode 100644 Content/FirstPerson/FPWeapon/Materials/MaterialLayers/T_ML_Aluminum01_N.uasset
[2019.03.03-09.01.41:441][761]SourceControl:  create mode 100644 Content/FirstPerson/FPWeapon/Materials/MaterialLayers/T_ML_FineRubber.uasset
[2019.03.03-09.01.41:442][761]SourceControl:  create mode 100644 Content/FirstPerson/FPWeapon/Materials/MaterialLayers/T_ML_Rubber_Blue_01_D.uasset
[2019.03.03-09.01.41:442][761]SourceControl:  create mode 100644 Content/FirstPerson/FPWeapon/Materials/MaterialLayers/T_ML_Rubber_Blue_01_N.uasset
[2019.03.03-09.01.41:442][761]SourceControl:  create mode 100644 Content/FirstPerson/FPWeapon/Mesh/SK_FPGun.uasset
[2019.03.03-09.01.41:442][761]SourceControl:  create mode 100644 Content/FirstPerson/FPWeapon/Mesh/SK_FPGun_PhysicsAsset.uasset
[2019.03.03-09.01.41:442][761]SourceControl:  create mode 100644 Content/FirstPerson/FPWeapon/Mesh/SK_FPGun_Skeleton.uasset
[2019.03.03-09.01.41:442][761]SourceControl:  create mode 100644 Content/FirstPerson/FPWeapon/Textures/T_FPGun_M.uasset
[2019.03.03-09.01.41:443][761]SourceControl:  create mode 100644 Content/FirstPerson/FPWeapon/Textures/T_FPGun_N.uasset
[2019.03.03-09.01.41:443][761]SourceControl:  create mode 100644 Content/FirstPerson/Meshes/BaseMaterial.uasset
[2019.03.03-09.01.41:443][761]SourceControl:  create mode 100644 Content/FirstPerson/Meshes/CubeMaterialOverride.uasset
[2019.03.03-09.01.41:443][761]SourceControl:  create mode 100644 Content/FirstPerson/Meshes/FirstPersonProjectileMaterial.uasset
[2019.03.03-09.01.41:443][761]SourceControl:  create mode 100644 Content/FirstPerson/Meshes/FirstPersonProjectileMesh.uasset
[2019.03.03-09.01.41:444][761]SourceControl:  create mode 100644 Content/FirstPerson/Textures/FirstPersonCrosshair.uasset
[2019.03.03-09.01.41:444][761]SourceControl:  create mode 100644 Content/FirstPersonCPP/Blueprints/FirstPersonCharacter.uasset
[2019.03.03-09.01.41:444][761]SourceControl:  create mode 100644 Content/FirstPersonCPP/Blueprints/FirstPersonProjectile.uasset
[2019.03.03-09.01.41:444][761]SourceControl:  create mode 100644 Content/FirstPersonCPP/Maps/FirstPersonExampleMap.umap
[2019.03.03-09.01.41:444][761]SourceControl:  create mode 100644 Content/FirstPersonCPP/Maps/FirstPersonExampleMap_BuiltData.uasset
[2019.03.03-09.01.41:444][761]SourceControl:  create mode 100644 Content/Geometry/Meshes/1M_Cube.uasset
[2019.03.03-09.01.41:445][761]SourceControl:  create mode 100644 Content/Geometry/Meshes/1M_Cube_Chamfer.uasset
[2019.03.03-09.01.41:445][761]SourceControl:  create mode 100644 Content/Geometry/Meshes/CubeMaterial.uasset
[2019.03.03-09.01.41:445][761]SourceControl:  create mode 100644 Content/Geometry/Meshes/TemplateFloor.uasset
[2019.03.03-09.01.41:445][761]SourceControl:  create mode 100644 Practice_04.uproject
[2019.03.03-09.01.41:445][761]SourceControl:  create mode 100644 Source/Practice_03.Target.cs
[2019.03.03-09.01.41:445][761]SourceControl:  create mode 100644 Source/Practice_03/ATurret.cpp
[2019.03.03-09.01.41:446][761]SourceControl:  create mode 100644 Source/Practice_03/ATurret.h
[2019.03.03-09.01.41:446][761]SourceControl:  create mode 100644 Source/Practice_03/Practice_03.Build.cs
[2019.03.03-09.01.41:446][761]SourceControl:  create mode 100644 Source/Practice_03/Practice_03.cpp
[2019.03.03-09.01.41:446][761]SourceControl:  create mode 100644 Source/Practice_03/Practice_03.h
[2019.03.03-09.01.41:446][761]SourceControl:  create mode 100644 Source/Practice_03/Practice_03Character.cpp
[2019.03.03-09.01.41:446][761]SourceControl:  create mode 100644 Source/Practice_03/Practice_03Character.h
[2019.03.03-09.01.41:446][761]SourceControl:  create mode 100644 Source/Practice_03/Practice_03GameMode.cpp
[2019.03.03-09.01.41:447][761]SourceControl:  create mode 100644 Source/Practice_03/Practice_03GameMode.h
[2019.03.03-09.01.41:447][761]SourceControl:  create mode 100644 Source/Practice_03/Practice_03HUD.cpp
[2019.03.03-09.01.41:447][761]SourceControl:  create mode 100644 Source/Practice_03/Practice_03HUD.h
[2019.03.03-09.01.41:447][761]SourceControl:  create mode 100644 Source/Practice_03/Practice_03Projectile.cpp
[2019.03.03-09.01.41:447][761]SourceControl:  create mode 100644 Source/Practice_03/Practice_03Projectile.h
[2019.03.03-09.01.41:447][761]SourceControl:  create mode 100644 Source/Practice_03Editor.Target.cs
[2019.03.03-09.01.44:737][145]LogSlate: Window 'Source Control Login' being destroyed
[2019.03.03-09.01.48:389][583]LogSlate: FSceneViewport::OnFocusLost() reason 0
[2019.03.03-09.01.48:518][591]LogSlate: Window 'Practice_04 - Unreal Editor' being destroyed
[2019.03.03-09.01.48:519][591]LogWindowsTextInputMethodSystem: Display: IME system now deactivated.
[2019.03.03-09.01.48:715][592]Cmd: QUIT_EDITOR
[2019.03.03-09.01.48:769][592]LogExit: Preparing to exit.
[2019.03.03-09.01.48:908][592]LogExit: Editor shut down
[2019.03.03-09.01.48:908][592]LogExit: Transaction tracking system shut down
[2019.03.03-09.01.49:450][592]LogExit: Object subsystem successfully closed.
[2019.03.03-09.01.49:616][592]LogShaderCompilers: Display: Shaders left to compile 0
[2019.03.03-09.01.49:619][592]LogD3D11RHI: Shutdown
[2019.03.03-09.01.49:619][592]LogD3D11RHI: CleanupD3DDevice
[2019.03.03-09.01.49:628][592]LogD3D11RHI: ~FD3D11DynamicRHI
[2019.03.03-09.01.49:653][592]LogModuleManager: Shutting down and abandoning module HierarchicalLODOutliner (612)
[2019.03.03-09.01.49:653][592]LogModuleManager: Shutting down and abandoning module SceneOutliner (610)
[2019.03.03-09.01.49:653][592]LogModuleManager: Shutting down and abandoning module AddContentDialog (608)
[2019.03.03-09.01.49:653][592]LogModuleManager: Shutting down and abandoning module WidgetCarousel (607)
[2019.03.03-09.01.49:653][592]LogModuleManager: Shutting down and abandoning module EditorWidgets (604)
[2019.03.03-09.01.49:654][592]LogModuleManager: Shutting down and abandoning module CollectionManager (602)
[2019.03.03-09.01.49:654][592]LogModuleManager: Shutting down and abandoning module StatsViewer (600)
[2019.03.03-09.01.49:654][592]LogModuleManager: Shutting down and abandoning module FoliageEdit (598)
[2019.03.03-09.01.49:654][592]LogModuleManager: Shutting down and abandoning module LandscapeEditor (596)
[2019.03.03-09.01.49:654][592]LogModuleManager: Shutting down and abandoning module MeshPaintMode (594)
[2019.03.03-09.01.49:654][592]LogModuleManager: Shutting down and abandoning module SceneDepthPickerMode (592)
[2019.03.03-09.01.49:654][592]LogModuleManager: Shutting down and abandoning module ActorPickerMode (590)
[2019.03.03-09.01.49:654][592]LogModuleManager: Shutting down and abandoning module GeometryMode (588)
[2019.03.03-09.01.49:654][592]LogModuleManager: Shutting down and abandoning module TextureAlignMode (586)
[2019.03.03-09.01.49:654][592]LogModuleManager: Shutting down and abandoning module BspMode (584)
[2019.03.03-09.01.49:655][592]LogModuleManager: Shutting down and abandoning module PIEPreviewDeviceProfileSelector (582)
[2019.03.03-09.01.49:655][592]LogModuleManager: Shutting down and abandoning module SequenceRecorderSections (580)
[2019.03.03-09.01.49:655][592]LogModuleManager: Shutting down and abandoning module AutomationWorker (578)
[2019.03.03-09.01.49:655][592]LogModuleManager: Shutting down and abandoning module AudioCaptureEditor (576)
[2019.03.03-09.01.49:655][592]LogModuleManager: Shutting down and abandoning module SequenceRecorder (575)
[2019.03.03-09.01.49:656][592]LogModuleManager: Shutting down and abandoning module MatineeToLevelSequence (572)
[2019.03.03-09.01.49:656][592]LogModuleManager: Shutting down and abandoning module LevelSequenceEditor (570)
[2019.03.03-09.01.49:656][592]LogModuleManager: Shutting down and abandoning module PlacementMode (569)
[2019.03.03-09.01.49:656][592]LogModuleManager: Shutting down and abandoning module MaterialEditor (568)
[2019.03.03-09.01.49:656][592]LogModuleManager: Shutting down and abandoning module WmfMediaFactory (564)
[2019.03.03-09.01.49:656][592]LogModuleManager: Shutting down and abandoning module WmfMediaEditor (562)
[2019.03.03-09.01.49:656][592]LogModuleManager: Shutting down and abandoning module MediaPlayerEditor (560)
[2019.03.03-09.01.49:656][592]LogModuleManager: Shutting down and abandoning module OpenExrWrapper (558)
[2019.03.03-09.01.49:656][592]LogModuleManager: Shutting down and abandoning module ImgMediaFactory (556)
[2019.03.03-09.01.49:657][592]LogModuleManager: Shutting down and abandoning module ImgMediaEditor (554)
[2019.03.03-09.01.49:657][592]LogModuleManager: Shutting down and abandoning module AvfMediaFactory (552)
[2019.03.03-09.01.49:657][592]LogModuleManager: Shutting down and abandoning module AvfMediaEditor (550)
[2019.03.03-09.01.49:657][592]LogModuleManager: Shutting down and abandoning module AndroidMediaFactory (548)
[2019.03.03-09.01.49:657][592]LogModuleManager: Shutting down and abandoning module AndroidMediaEditor (546)
[2019.03.03-09.01.49:657][592]LogModuleManager: Shutting down and abandoning module MagicLeapCameraPreviewFactory (544)
[2019.03.03-09.01.49:657][592]LogModuleManager: Shutting down and abandoning module MagicLeapMediaFactory (542)
[2019.03.03-09.01.49:657][592]LogModuleManager: Shutting down and abandoning module MagicLeapMediaEditor (540)
[2019.03.03-09.01.49:657][592]LogModuleManager: Shutting down and abandoning module CharacterAI (538)
[2019.03.03-09.01.49:657][592]LogModuleManager: Shutting down and abandoning module SmartSnapping (536)
[2019.03.03-09.01.49:658][592]LogModuleManager: Shutting down and abandoning module SessionServices (534)
[2019.03.03-09.01.49:658][592]LogModuleManager: Shutting down and abandoning module ViewportSnapping (532)
[2019.03.03-09.01.49:658][592]LogModuleManager: Shutting down and abandoning module ViewportInteraction (530)
[2019.03.03-09.01.49:658][592]LogModuleManager: Shutting down and abandoning module ClothPainter (528)
[2019.03.03-09.01.49:658][592]LogModuleManager: Shutting down and abandoning module SkeletalMeshEditor (527)
[2019.03.03-09.01.49:658][592]LogModuleManager: Shutting down and abandoning module LogVisualizer (524)
[2019.03.03-09.01.49:658][592]LogModuleManager: Shutting down and abandoning module IntroTutorials (522)
[2019.03.03-09.01.49:658][592]LogModuleManager: Shutting down and abandoning module GameProjectGeneration (521)
[2019.03.03-09.01.49:658][592]LogModuleManager: Shutting down and abandoning module LuminPlatformEditor (518)
[2019.03.03-09.01.49:658][592]LogModuleManager: Shutting down and abandoning module IOSPlatformEditor (516)
[2019.03.03-09.01.49:658][592]LogModuleManager: Shutting down and abandoning module HTML5PlatformEditor (514)
[2019.03.03-09.01.49:658][592]LogModuleManager: Shutting down and abandoning module AndroidPlatformEditor (512)
[2019.03.03-09.01.49:658][592]LogModuleManager: Shutting down and abandoning module AndroidDeviceDetection (511)
