Log file open, 04/09/19 13:29:04
LogWindows: Failed to load 'aqProf.dll' (GetLastError=126)
LogWindows: File 'aqProf.dll' does not exist
LogWindows: Failed to load 'VSPerf140.dll' (GetLastError=126)
LogWindows: File 'VSPerf140.dll' does not exist
LogWindows: Failed to load 'VtuneApi.dll' (GetLastError=126)
LogWindows: File 'VtuneApi.dll' does not exist
LogWindows: Failed to load 'VtuneApi32e.dll' (GetLastError=126)
LogWindows: File 'VtuneApi32e.dll' does not exist
LogInit: Display: Running engine for game: Practice_05
LogPlatformFile: Not using cached read wrapper
LogTaskGraph: Started task graph with 5 named threads and 23 total threads with 3 sets of task threads.
LogStats: Stats thread started at 0.296633
LogD3D11RHI: Loaded GFSDK_Aftermath_Lib.x64.dll
LogICUInternationalization: Display: ICU TimeZone Detection - Raw Offset: +2:00, Platform Override: ''
LogPluginManager: Mounting plugin Paper2D
LogPluginManager: Mounting plugin AISupport
LogPluginManager: Mounting plugin LightPropagationVolume
LogPluginManager: Mounting plugin CLionSourceCodeAccess
LogPluginManager: Mounting plugin CodeLiteSourceCodeAccess
LogPluginManager: Mounting plugin GitSourceControl
LogPluginManager: Mounting plugin KDevelopSourceCodeAccess
LogPluginManager: Mounting plugin NullSourceCodeAccess
LogPluginManager: Mounting plugin PerforceSourceControl
LogPluginManager: Mounting plugin SubversionSourceControl
LogPluginManager: Mounting plugin UObjectPlugin
LogPluginManager: Mounting plugin VisualStudioCodeSourceCodeAccess
LogPluginManager: Mounting plugin VisualStudioSourceCodeAccess
LogPluginManager: Mounting plugin XCodeSourceCodeAccess
LogPluginManager: Mounting plugin AssetManagerEditor
LogPluginManager: Mounting plugin CryptoKeys
LogPluginManager: Mounting plugin DataValidation
LogPluginManager: Mounting plugin FacialAnimation
LogPluginManager: Mounting plugin GameplayTagsEditor
LogPluginManager: Mounting plugin MacGraphicsSwitching
LogPluginManager: Mounting plugin MeshEditor
LogPluginManager: Mounting plugin MobileLauncherProfileWizard
LogPluginManager: Mounting plugin PluginBrowser
LogPluginManager: Mounting plugin SpeedTreeImporter
LogPluginManager: Mounting plugin DatasmithContent
LogPluginManager: Mounting plugin AlembicImporter
LogPluginManager: Mounting plugin AppleImageUtils
LogPluginManager: Mounting plugin AppleVision
LogPluginManager: Mounting plugin BackChannel
LogPluginManager: Mounting plugin CharacterAI
LogPluginManager: Mounting plugin GeometryCache
LogPluginManager: Mounting plugin HTML5Networking
LogPluginManager: Mounting plugin ProxyLODPlugin
LogPluginManager: Mounting plugin MagicLeap
LogPluginManager: Mounting plugin MagicLeapEmulator
LogPluginManager: Mounting plugin MagicLeapMedia
LogPluginManager: Mounting plugin AndroidMedia
LogPluginManager: Mounting plugin AvfMedia
LogPluginManager: Mounting plugin ImgMedia
LogPluginManager: Mounting plugin LinearTimecode
LogPluginManager: Mounting plugin MediaCompositing
LogPluginManager: Mounting plugin MediaPlayerEditor
LogPluginManager: Mounting plugin WmfMedia
LogPluginManager: Mounting plugin TcpMessaging
LogPluginManager: Mounting plugin UdpMessaging
LogPluginManager: Mounting plugin ActorSequence
LogPluginManager: Mounting plugin LevelSequenceEditor
LogPluginManager: Mounting plugin MatineeToLevelSequence
LogPluginManager: Mounting plugin NetcodeUnitTest
LogPluginManager: Mounting plugin NUTUnrealEngine4
LogPluginManager: Mounting plugin OnlineSubsystemGooglePlay
LogPluginManager: Mounting plugin OnlineSubsystemIOS
LogPluginManager: Mounting plugin OnlineSubsystem
LogPluginManager: Mounting plugin OnlineSubsystemNull
LogPluginManager: Mounting plugin OnlineSubsystemUtils
LogPluginManager: Mounting plugin LauncherChunkInstaller
LogPluginManager: Mounting plugin AndroidDeviceProfileSelector
LogPluginManager: Mounting plugin AndroidMoviePlayer
LogPluginManager: Mounting plugin AndroidPermission
LogPluginManager: Mounting plugin AppleMoviePlayer
LogPluginManager: Mounting plugin ArchVisCharacter
LogPluginManager: Mounting plugin AudioCapture
LogPluginManager: Mounting plugin CableComponent
LogPluginManager: Mounting plugin CustomMeshComponent
LogPluginManager: Mounting plugin EditableMesh
LogPluginManager: Mounting plugin ExampleDeviceProfileSelector
LogPluginManager: Mounting plugin GoogleCloudMessaging
LogPluginManager: Mounting plugin ImmediatePhysics
LogPluginManager: Mounting plugin IOSDeviceProfileSelector
LogPluginManager: Mounting plugin LinuxDeviceProfileSelector
LogPluginManager: Mounting plugin LocationServicesBPLibrary
LogPluginManager: Mounting plugin MobilePatchingUtils
LogPluginManager: Mounting plugin OculusVR
LogPluginManager: Plugin shader directory ../../../Engine/Plugins/Runtime/Oculus/OculusVR/Shaders found
LogPluginManager: Mapping shader source directory ../../../Engine/Plugins/Runtime/Oculus/OculusVR/Shaders to virtual directory /Plugin/OculusVR
LogPluginManager: Mounting plugin PhysXVehicles
LogPluginManager: Mounting plugin ProceduralMeshComponent
LogPluginManager: Mounting plugin RuntimePhysXCooking
LogPluginManager: Mounting plugin SteamVR
LogPluginManager: Mounting plugin WindowsMoviePlayer
LogStreaming: Display: Took  0.085s to configure plugins.
LogInit: Using libcurl 7.55.1-DEV
LogInit:  - built for x86_64-pc-win32
LogInit:  - supports SSL with OpenSSL/1.0.2h
LogInit:  - supports HTTP deflate (compression) using libz 1.2.8
LogInit:  - other features:
LogInit:      CURL_VERSION_SSL
LogInit:      CURL_VERSION_LIBZ
LogInit:      CURL_VERSION_IPV6
LogInit:      CURL_VERSION_ASYNCHDNS
LogInit:      CURL_VERSION_LARGEFILE
LogInit:      CURL_VERSION_IDN
LogInit:  CurlRequestOptions (configurable via config and command line):
LogInit:  - bVerifyPeer = false  - Libcurl will NOT verify peer certificate
LogInit:  - bUseHttpProxy = false  - Libcurl will NOT use HTTP proxy
LogInit:  - bDontReuseConnections = false  - Libcurl will reuse connections
LogInit:  - CertBundlePath = nullptr  - Libcurl will use whatever was configured at build time.
LogInit:  - MaxHostConnections = 16  - Libcurl will limit the number of connections to a host
LogInit:  - LocalHostAddr = Default
LogInit:  - BufferSize = 65536
LogInit: WinSock: version 1.1 (2.2), MaxSocks=32767, MaxUdp=65467
LogInit: Build: ++UE4+Release-4.20-CL-4369336
LogInit: Engine Version: 4.20.3-4369336+++UE4+Release-4.20
LogInit: Compatible Engine Version: 4.20.0-4212847+++UE4+Release-4.20
LogInit: Net CL: 4212847
LogInit: OS: Windows 10 (), CPU: Intel(R) Core(TM) i7-4790K CPU @ 4.00GHz, GPU: NVIDIA GeForce GTX 960
LogInit: Compiled (64-bit): Sep 17 2018 12:26:19
LogInit: Compiled with Visual C++: 19.13.26129.00
LogInit: Build Configuration: Development
LogInit: Branch Name: ++UE4+Release-4.20
LogInit: Command Line: 
LogInit: Base Directory: C:/Program Files/Epic Games/UE_4.20/Engine/Binaries/Win64/
LogInit: Installed Engine Build: 1
LogDevObjectVersion: Number of dev versions registered: 20
LogDevObjectVersion:   Dev-Blueprints (B0D832E4-1F89-4F0D-ACCF-7EB736FD4AA2): 10
LogDevObjectVersion:   Dev-Build (E1C64328-A22C-4D53-A36C-8E866417BD8C): 0
LogDevObjectVersion:   Dev-Core (375EC13C-06E4-48FB-B500-84F0262A717E): 2
LogDevObjectVersion:   Dev-Editor (E4B068ED-F494-42E9-A231-DA0B2E46BB41): 24
LogDevObjectVersion:   Dev-Framework (CFFC743F-43B0-4480-9391-14DF171D2073): 34
LogDevObjectVersion:   Dev-Mobile (B02B49B5-BB20-44E9-A304-32B752E40360): 2
LogDevObjectVersion:   Dev-Networking (A4E4105C-59A1-49B5-A7C5-40C4547EDFEE): 0
LogDevObjectVersion:   Dev-Online (39C831C9-5AE6-47DC-9A44-9C173E1C8E7C): 0
LogDevObjectVersion:   Dev-Physics (78F01B33-EBEA-4F98-B9B4-84EACCB95AA2): 0
LogDevObjectVersion:   Dev-Platform (6631380F-2D4D-43E0-8009-CF276956A95A): 0
LogDevObjectVersion:   Dev-Rendering (12F88B9F-8875-4AFC-A67C-D90C383ABD29): 26
LogDevObjectVersion:   Dev-Sequencer (7B5AE74C-D270-4C10-A958-57980B212A5A): 9
LogDevObjectVersion:   Dev-VR (D7296918-1DD6-4BDD-9DE2-64A83CC13884): 2
LogDevObjectVersion:   Dev-LoadTimes (C2A15278-BFE7-4AFE-6C17-90FF531DF755): 1
LogDevObjectVersion:   Private-Geometry (6EACA3D4-40EC-4CC1-B786-8BED09428FC5): 3
LogDevObjectVersion:   Dev-AnimPhys (29E575DD-E0A3-4627-9D10-D276232CDCEA): 17
LogDevObjectVersion:   Dev-ReflectionCapture (6B266CEC-1EC7-4B8F-A30B-E4D90942FC07): 1
LogDevObjectVersion:   Dev-Automation (0DF73D61-A23F-47EA-B727-89E90C41499A): 1
LogDevObjectVersion:   FortniteMain (601D1886-AC64-4F84-AA16-D3DE0DEAC7D6): 12
LogDevObjectVersion:   Dev-Enterprise (9DFFBCD6-494F-0158-E221-12823C92A888): 1
LogStreaming: Display: Took  0.001s to delete old logs.
LogInit: Presizing for max 8388607 objects, including 0 objects not considered by GC, pre-allocating 0 bytes for permanent pool.
LogInit: Object subsystem initialized
[2019.04.09-10.29.04:861][  0]LogInit: Selected Device Profile: [Windows]
[2019.04.09-10.29.04:861][  0]LogInit: Applying CVar settings loaded from the selected device profile: [Windows]
[2019.04.09-10.29.04:880][  0]LogHAL: Display: Platform has ~ 16 GB [17118846976 / 17179869184 / 16], which maps to Larger [LargestMinGB=32, LargerMinGB=12, DefaultMinGB=8, SmallerMinGB=6, SmallestMinGB=0)
[2019.04.09-10.29.04:880][  0]LogInit: Setting Device Profile CVar: [[r.Vulkan.UseRealUBs:1]]
[2019.04.09-10.29.04:880][  0]LogInit: Going up to parent DeviceProfile []
[2019.04.09-10.29.04:881][  0]LogInit: Computer: DESKTOP-N8AGF2M
[2019.04.09-10.29.04:881][  0]LogInit: User: Home
[2019.04.09-10.29.04:881][  0]LogInit: CPU Page size=4096, Cores=4
[2019.04.09-10.29.04:881][  0]LogInit: High frequency timer resolution =3.903994 MHz
[2019.04.09-10.29.04:881][  0]LogMemory: Memory total: Physical=15.9GB (16GB approx)
[2019.04.09-10.29.04:881][  0]LogMemory: Platform Memory Stats for Windows
[2019.04.09-10.29.04:881][  0]LogMemory: Process Physical Memory: 100.04 MB used, 100.04 MB peak
[2019.04.09-10.29.04:881][  0]LogMemory: Process Virtual Memory: 91.03 MB used, 91.03 MB peak
[2019.04.09-10.29.04:881][  0]LogMemory: Physical Memory: 8276.41 MB used,  8049.39 MB free, 16325.80 MB total
[2019.04.09-10.29.04:881][  0]LogMemory: Virtual Memory: 4645.22 MB used,  8049.39 MB free, 134217728.00 MB total
[2019.04.09-10.29.04:902][  0]LogInit: Using OS detected language (en-US).
[2019.04.09-10.29.04:902][  0]LogInit: Using OS detected locale (en-US).
[2019.04.09-10.29.04:903][  0]LogTextLocalizationManager: No specific localization for 'en-US' exists, so the 'en' localization will be used.
[2019.04.09-10.29.05:236][  0]LogStreaming: Display: Took  0.334s to InitEngineTextLocalization.
[2019.04.09-10.29.05:236][  0]LogInit: Setting process to per monitor DPI aware
[2019.04.09-10.29.05:270][  0]LogSlate: New Slate User Created.  User Index 0, Is Virtual User: 0
[2019.04.09-10.29.05:270][  0]LogSlate: Slate User Registered.  User Index 0, Is Virtual User: 0
[2019.04.09-10.29.05:458][  0]LogHMD: Failed to initialize OpenVR with code 110
[2019.04.09-10.29.05:458][  0]LogD3D11RHI: D3D11 adapters:
[2019.04.09-10.29.05:521][  0]LogD3D11RHI:    0. 'NVIDIA GeForce GTX 960' (Feature Level 11_0)
[2019.04.09-10.29.05:522][  0]LogD3D11RHI:       2016/0/8162 MB DedicatedVideo/DedicatedSystem/SharedSystem, Outputs:3, VendorId:0x10de
[2019.04.09-10.29.05:523][  0]LogD3D11RHI:    1. 'Microsoft Basic Render Driver' (Feature Level 11_0)
[2019.04.09-10.29.05:523][  0]LogD3D11RHI:       0/0/8162 MB DedicatedVideo/DedicatedSystem/SharedSystem, Outputs:0, VendorId:0x1414
[2019.04.09-10.29.05:523][  0]LogD3D11RHI: Chosen D3D11 Adapter: 0
[2019.04.09-10.29.05:531][  0]LogD3D11RHI: Creating new Direct3DDevice
[2019.04.09-10.29.05:531][  0]LogD3D11RHI:     GPU DeviceId: 0x1401 (for the marketing name, search the web for "GPU Device Id")
[2019.04.09-10.29.05:531][  0]LogWindows: EnumDisplayDevices:
[2019.04.09-10.29.05:531][  0]LogWindows:    0. 'NVIDIA GeForce GTX 960' (P:1 D:1)
[2019.04.09-10.29.05:531][  0]LogWindows:    1. 'NVIDIA GeForce GTX 960' (P:0 D:1)
[2019.04.09-10.29.05:532][  0]LogWindows:    2. 'NVIDIA GeForce GTX 960' (P:0 D:1)
[2019.04.09-10.29.05:532][  0]LogWindows:    3. 'NVIDIA GeForce GTX 960' (P:0 D:0)
[2019.04.09-10.29.05:532][  0]LogWindows: DebugString: FoundDriverCount:4 
[2019.04.09-10.29.05:532][  0]LogD3D11RHI:     Adapter Name: NVIDIA GeForce GTX 960
[2019.04.09-10.29.05:532][  0]LogD3D11RHI:   Driver Version: 388.13 (internal:23.21.13.8813, unified:388.13)
[2019.04.09-10.29.05:532][  0]LogD3D11RHI:      Driver Date: 10-27-2017
[2019.04.09-10.29.05:532][  0]LogRHI: Texture pool is 1411 MB (70% of 2016 MB)
[2019.04.09-10.29.05:561][  0]LogD3D11RHI: Async texture creation enabled
[2019.04.09-10.29.05:572][  0]LogD3D11RHI: GPU Timing Frequency: 1000.000000 (Debug: 2 1)
[2019.04.09-10.29.05:666][  0]LogShaderCompilers: Guid format shader working directory is 10 characters bigger than the processId version (D:/UNREAL/Practice/CODE/Practice_05/Intermediate/Shaders/WorkingDirectory/3240/).
[2019.04.09-10.29.05:666][  0]LogShaderCompilers: Cleaned the shader compiler working directory 'C:/Users/Home/AppData/Local/Temp/UnrealShaderWorkingDir/C89DAF1F48C60F7F942DBA923C019DC6/'.
[2019.04.09-10.29.05:985][  0]LogTemp: Display: Loaded TP AllDesktopTargetPlatform
[2019.04.09-10.29.06:000][  0]LogTemp: Display: Loaded TP MacClientTargetPlatform
[2019.04.09-10.29.06:015][  0]LogTemp: Display: Loaded TP MacNoEditorTargetPlatform
[2019.04.09-10.29.06:030][  0]LogTemp: Display: Loaded TP MacServerTargetPlatform
[2019.04.09-10.29.06:045][  0]LogTemp: Display: Loaded TP MacTargetPlatform
[2019.04.09-10.29.06:060][  0]LogTemp: Display: Loaded TP WindowsClientTargetPlatform
[2019.04.09-10.29.06:074][  0]LogTemp: Display: Loaded TP WindowsNoEditorTargetPlatform
[2019.04.09-10.29.06:089][  0]LogTemp: Display: Loaded TP WindowsServerTargetPlatform
[2019.04.09-10.29.06:097][  0]LogTemp: Display: Loaded TP WindowsTargetPlatform
[2019.04.09-10.29.06:170][  0]LogTemp: Display: Loaded TP AndroidTargetPlatform
[2019.04.09-10.29.06:170][  0]LogTemp: Display: Loaded TP AndroidTargetPlatform
[2019.04.09-10.29.06:170][  0]LogTemp: Display: Loaded TP AndroidTargetPlatform
[2019.04.09-10.29.06:170][  0]LogTemp: Display: Loaded TP AndroidTargetPlatform
[2019.04.09-10.29.06:170][  0]LogTemp: Display: Loaded TP AndroidTargetPlatform
[2019.04.09-10.29.06:170][  0]LogTemp: Display: Loaded TP AndroidTargetPlatform
[2019.04.09-10.29.06:170][  0]LogTemp: Display: Loaded TP AndroidTargetPlatform
[2019.04.09-10.29.06:170][  0]LogTemp: Display: Loaded TP AndroidTargetPlatform
[2019.04.09-10.29.06:170][  0]LogTemp: Display: Loaded TP AndroidTargetPlatform
[2019.04.09-10.29.06:170][  0]LogTemp: Display: Loaded TP AndroidTargetPlatform
[2019.04.09-10.29.06:170][  0]LogTemp: Display: Loaded TP AndroidTargetPlatform
[2019.04.09-10.29.06:170][  0]LogTemp: Display: Loaded TP AndroidTargetPlatform
[2019.04.09-10.29.06:170][  0]LogTemp: Display: Loaded TP AndroidTargetPlatform
[2019.04.09-10.29.06:170][  0]LogTemp: Display: Loaded TP AndroidTargetPlatform
[2019.04.09-10.29.06:170][  0]LogTemp: Display: Loaded TP AndroidTargetPlatform
[2019.04.09-10.29.06:170][  0]LogTemp: Display: Loaded TP AndroidTargetPlatform
[2019.04.09-10.29.06:171][  0]LogTemp: Display: Loaded TP AndroidTargetPlatform
[2019.04.09-10.29.06:171][  0]LogTemp: Display: Loaded TP AndroidTargetPlatform
[2019.04.09-10.29.06:172][  0]LogTemp: Display: Loaded TP HTML5TargetPlatform
[2019.04.09-10.29.06:234][  0]LogTemp: Display: Loaded TP IOSTargetPlatform
[2019.04.09-10.29.06:234][  0]LogTemp: Display: Loaded TP IOSTargetPlatform
[2019.04.09-10.29.06:268][  0]LogTemp: Display: Loaded TP TVOSTargetPlatform
[2019.04.09-10.29.06:268][  0]LogTemp: Display: Loaded TP TVOSTargetPlatform
[2019.04.09-10.29.06:282][  0]LogTemp: Display: Loaded TP LinuxClientTargetPlatform
[2019.04.09-10.29.06:294][  0]LogTemp: Display: Loaded TP LinuxNoEditorTargetPlatform
[2019.04.09-10.29.06:305][  0]LogTemp: Display: Loaded TP LinuxServerTargetPlatform
[2019.04.09-10.29.06:319][  0]LogTemp: Display: Loaded TP LinuxTargetPlatform
[2019.04.09-10.29.06:327][  0]LogTemp: Display: Loaded TP LuminTargetPlatform
[2019.04.09-10.29.06:327][  0]LogTargetPlatformManager: Display: Building Assets For Windows
[2019.04.09-10.29.06:424][  0]LogXGEController: Cannot use XGE Controller as Incredibuild is not installed on this machine.
[2019.04.09-10.29.06:424][  0]LogShaderCompilers: Cannot use XGE Shader Compiler as Incredibuild is not installed on this machine.
[2019.04.09-10.29.06:424][  0]LogShaderCompilers: Display: Using Local Shader Compiler.
[2019.04.09-10.29.07:191][  0]LogDerivedDataCache: Display: Max Cache Size: 512 MB
[2019.04.09-10.29.07:275][  0]LogDerivedDataCache: Loaded boot cache 0.08s 73MB C:/Users/Home/AppData/Local/UnrealEngine/4.20/DerivedDataCache/Boot.ddc.
[2019.04.09-10.29.07:276][  0]LogDerivedDataCache: Display: Loaded Boot cache: C:/Users/Home/AppData/Local/UnrealEngine/4.20/DerivedDataCache/Boot.ddc
[2019.04.09-10.29.07:276][  0]LogDerivedDataCache: FDerivedDataBackendGraph:  Pak pak cache file D:/UNREAL/Practice/CODE/Practice_05/DerivedDataCache/DDC.ddp not found, will not use a pak cache.
[2019.04.09-10.29.07:276][  0]LogDerivedDataCache: Unable to find inner node Pak for hierarchical cache Hierarchy.
[2019.04.09-10.29.07:276][  0]LogDerivedDataCache: FDerivedDataBackendGraph:  CompressedPak pak cache file D:/UNREAL/Practice/CODE/Practice_05/DerivedDataCache/Compressed.ddp not found, will not use a pak cache.
[2019.04.09-10.29.07:276][  0]LogDerivedDataCache: Unable to find inner node CompressedPak for hierarchical cache Hierarchy.
[2019.04.09-10.29.07:294][  0]LogDerivedDataCache: Display: Pak cache opened for reading ../../../Engine/DerivedDataCache/Compressed.ddp.
[2019.04.09-10.29.07:306][  0]LogDerivedDataCache: Using Local data cache path C:/Users/Home/AppData/Local/UnrealEngine/Common/DerivedDataCache: Writable
[2019.04.09-10.29.07:306][  0]LogDerivedDataCache: Shared data cache path not found in *engine.ini, will not use an Shared cache.
[2019.04.09-10.29.07:306][  0]LogDerivedDataCache: Unable to find inner node Shared for hierarchical cache Hierarchy.
[2019.04.09-10.29.07:323][  0]LogMaterial: Verifying Global Shaders for PCD3D_SM5
[2019.04.09-10.29.07:324][  0]LogSlate: Using FreeType 2.6.0
[2019.04.09-10.29.07:324][  0]LogSlate: SlateFontServices - WITH_FREETYPE: 1, WITH_HARFBUZZ: 1
[2019.04.09-10.29.07:396][  0]LogAssetRegistry: FAssetRegistry took 0.0252 seconds to start up
[2019.04.09-10.29.07:720][  0]LogInit: Selected Device Profile: [Windows]
[2019.04.09-10.29.07:848][  0]LogSimplygon: Simplygon DLL not present - disabling.
[2019.04.09-10.29.07:854][  0]LogMeshReduction: Using SimplygonSwarm for distributed automatic mesh merging
[2019.04.09-10.29.07:854][  0]LogMeshReduction: Using ProxyLODMeshReduction for automatic mesh merging
[2019.04.09-10.29.07:854][  0]LogMeshReduction: Using QuadricMeshReduction for automatic static mesh reduction
[2019.04.09-10.29.07:854][  0]LogMeshReduction: No automatic skeletal mesh reduction module available
[2019.04.09-10.29.07:876][  0]LogNetVersion: Practice_05 1.0.0, NetCL: 4212847, EngineNetVer: 5, GameNetVer: 0 (Checksum: 2388821814)
[2019.04.09-10.29.08:291][  0]LogPackageLocalizationCache: Processed 11 localized package path(s) for 2 prioritized culture(s) in 0.062597 seconds
[2019.04.09-10.29.08:297][  0]LogUObjectArray: 38425 objects as part of root set at end of initial load.
[2019.04.09-10.29.08:297][  0]LogUObjectAllocator: 6690872 out of 0 bytes used by permanent object pool.
[2019.04.09-10.29.08:297][  0]LogUObjectArray: CloseDisregardForGC: 0/0 objects in disregard for GC pool
[2019.04.09-10.29.09:142][  0]LogTcpMessaging: Initializing TcpMessaging bridge
[2019.04.09-10.29.09:154][  0]LogUdpMessaging: Initializing bridge on interface 0.0.0.0:0 to multicast group 230.0.0.1:6666.
[2019.04.09-10.29.09:499][  0]SourceControl: Source control is disabled
[2019.04.09-10.29.10:134][  0]LogAndroidPermission: UAndroidPermissionCallbackProxy::GetInstance
[2019.04.09-10.29.10:246][  0]LogOcInput: OculusInput pre-init called
[2019.04.09-10.29.10:337][  0]LogEngine: Initializing Engine...
[2019.04.09-10.29.10:338][  0]LogHMD: Failed to initialize OpenVR with code 110
[2019.04.09-10.29.10:339][  0]LogStats: UGameplayTagsManager::ConstructGameplayTagTree: ImportINI prefixes -  0.000 s
[2019.04.09-10.29.10:339][  0]LogStats: UGameplayTagsManager::ConstructGameplayTagTree: Construct from data asset -  0.000 s
[2019.04.09-10.29.10:339][  0]LogStats: UGameplayTagsManager::ConstructGameplayTagTree: ImportINI -  0.000 s
[2019.04.09-10.29.10:339][  0]LogStats: UGameplayTagsManager::ConstructGameplayTagTree: GameplayTagTreeChangedEvent.Broadcast -  0.000 s
[2019.04.09-10.29.10:525][  0]LogInit: Initializing FReadOnlyCVARCache
[2019.04.09-10.29.10:548][  0]LogAIModule: Creating AISystem for world Untitled
[2019.04.09-10.29.10:566][  0]LogInit: XAudio2 using 'Headphones (High Definition Audio Device)' : 2 channels at 48 kHz using 16 bits per sample (channel mask 0x3)
[2019.04.09-10.29.10:579][  0]LogInit: FAudioDevice initialized.
[2019.04.09-10.29.10:580][  0]LogNetVersion: Set ProjectVersion to 1.0.0.0. Version Checksum will be recalculated on next use.
[2019.04.09-10.29.10:818][  0]LogDerivedDataCache: Saved boot cache 0.24s 73MB C:/Users/Home/AppData/Local/UnrealEngine/4.20/DerivedDataCache/Boot.ddc.
[2019.04.09-10.29.10:829][  0]LogInit: Texture streaming: Enabled
[2019.04.09-10.29.10:855][  0]LogEngineSessionManager: EngineSessionManager initialized
[2019.04.09-10.29.10:877][  0]LogInit: Transaction tracking system initialized
[2019.04.09-10.29.10:925][  0]BlueprintLog: New page: Editor Load
[2019.04.09-10.29.11:094][  0]LocalizationService: Localization service is disabled
[2019.04.09-10.29.11:353][  0]LogCook: Display: Max memory allowance for cook 16384mb min free memory 0mb
[2019.04.09-10.29.11:353][  0]LogCook: Display: Mobile HDR setting 1
[2019.04.09-10.29.11:353][  0]LogGameplayTags: Display: UGameplayTagsManager::DoneAddingNativeTags. DelegateIsBound: 0
[2019.04.09-10.29.11:353][  0]LogStats: UGameplayTagsManager::ConstructGameplayTagTree: ImportINI prefixes -  0.000 s
[2019.04.09-10.29.11:353][  0]LogStats: UGameplayTagsManager::ConstructGameplayTagTree: Construct from data asset -  0.000 s
[2019.04.09-10.29.11:353][  0]LogStats: UGameplayTagsManager::ConstructGameplayTagTree: ImportINI -  0.000 s
[2019.04.09-10.29.11:353][  0]LogStats: UGameplayTagsManager::ConstructGameplayTagTree: GameplayTagTreeChangedEvent.Broadcast -  0.000 s
[2019.04.09-10.29.11:499][  0]LogFileCache: Scanning file cache for directory 'D:/UNREAL/Practice/CODE/Practice_05/Content/' took 0.01s
[2019.04.09-10.29.11:499][  0]Cmd: MAP LOAD FILE="D:/UNREAL/Practice/CODE/Practice_05/Content/FirstPersonCPP/Maps/FirstPersonExampleMap.umap" TEMPLATE=0 SHOWPROGRESS=1 FEATURELEVEL=3
[2019.04.09-10.29.11:499][  0]LightingResults: New page: Lighting Build
[2019.04.09-10.29.11:505][  0]MapCheck: New page: Map Check
[2019.04.09-10.29.11:505][  0]LightingResults: New page: Lighting Build
[2019.04.09-10.29.11:696][  0]LogAIModule: Creating AISystem for world FirstPersonExampleMap
[2019.04.09-10.29.11:711][  0]LogEditorServer: Finished looking for orphan Actors (0.000 secs)
[2019.04.09-10.29.11:729][  0]Cmd: MAP CHECKDEP NOCLEARLOG
[2019.04.09-10.29.11:814][  0]MapCheck: Map check complete: 0 Error(s), 0 Warning(s), took 84.489ms to complete.
[2019.04.09-10.29.11:814][  0]LogFileHelpers: Loading map 'FirstPersonExampleMap' took 0.315
[2019.04.09-10.29.11:931][  0]LogSlate: Updating window title bar state: overlay mode, drag disabled, window buttons hidden, title bar hidden
[2019.04.09-10.29.11:945][  0]LogSlate: Updating window title bar state: overlay mode, drag disabled, window buttons hidden, title bar hidden
[2019.04.09-10.29.11:953][  0]LogSlate: Updating window title bar state: overlay mode, drag disabled, window buttons hidden, title bar hidden
[2019.04.09-10.29.11:960][  0]LogSlate: Updating window title bar state: overlay mode, drag disabled, window buttons hidden, title bar hidden
[2019.04.09-10.29.11:972][  0]LogCollectionManager: Loaded 0 collections in 0.003784 seconds
[2019.04.09-10.29.12:026][  0]LogFileCache: Scanning file cache for directory 'D:/UNREAL/Practice/CODE/Practice_05/Saved/Collections/' took 0.01s
[2019.04.09-10.29.12:026][  0]LogFileCache: Scanning file cache for directory 'D:/UNREAL/Practice/CODE/Practice_05/Content/Developers/Home/Collections/' took 0.01s
[2019.04.09-10.29.12:026][  0]LogFileCache: Scanning file cache for directory 'D:/UNREAL/Practice/CODE/Practice_05/Content/Collections/' took 0.01s
[2019.04.09-10.29.12:026][  0]LogCollectionManager: Rebuilt the GUID cache for 0 collections in 0.000000 seconds
[2019.04.09-10.29.12:037][  0]LogContentBrowser: Native class hierarchy populated in 0.0110 seconds. Added 2578 classes and 605 folders.
[2019.04.09-10.29.12:048][  0]LogContentBrowser: Native class hierarchy updated for 'WidgetCarousel' in 0.0003 seconds. Added 0 classes and 0 folders.
[2019.04.09-10.29.12:108][  0]LogContentBrowser: Native class hierarchy updated for 'AddContentDialog' in 0.0003 seconds. Added 0 classes and 0 folders.
[2019.04.09-10.29.12:116][  0]LogContentBrowser: Native class hierarchy updated for 'SceneOutliner' in 0.0003 seconds. Added 1 classes and 2 folders.
[2019.04.09-10.29.12:207][  0]LogSlate: Took 0.000221 seconds to synchronously load lazily loaded font '../../../Engine/Content/Slate/Fonts/Roboto-Regular.ttf' (155K)
[2019.04.09-10.29.12:209][  0]LogSlate: Took 0.000150 seconds to synchronously load lazily loaded font '../../../Engine/Content/Slate/Fonts/Roboto-Bold.ttf' (160K)
[2019.04.09-10.29.12:214][  0]LogSlate: Took 0.000253 seconds to synchronously load lazily loaded font '../../../Engine/Content/Editor/Slate/Fonts/FontAwesome.ttf' (139K)
[2019.04.09-10.29.12:285][  0]LogRenderer: Reallocating scene render targets to support 1208x576 Format 10 NumSamples 1 (Frame:1).
[2019.04.09-10.29.12:342][  0]LogSlate: Took 0.000238 seconds to synchronously load lazily loaded font '../../../Engine/Content/Slate/Fonts/Roboto-Light.ttf' (167K)
[2019.04.09-10.29.12:463][  0]LogContentBrowser: Native class hierarchy updated for 'HierarchicalLODOutliner' in 0.0003 seconds. Added 0 classes and 0 folders.
[2019.04.09-10.29.12:463][  0]LogLoad: (Engine Initialization) Total time: 9.86 seconds
[2019.04.09-10.29.12:463][  0]LogLoad: (Engine Initialization) Total Blueprint compile time: 0.00 seconds
[2019.04.09-10.29.12:498][  0]LogAssetRegistry: Asset discovery search completed in 5.1243 seconds
[2019.04.09-10.29.12:501][  0]LogCollectionManager: Rebuilt the object cache for 0 collections in 0.000000 seconds (found 0 objects)
[2019.04.09-10.29.12:501][  0]LogCollectionManager: Fixed up redirectors for 0 collections in 0.000066 seconds (updated 0 objects)
[2019.04.09-10.29.12:502][  0]LogContentStreaming: Texture pool size now 1000 MB
[2019.04.09-10.30.02:502][475]LogSlate: FSceneViewport::OnFocusLost() reason 0
[2019.04.09-10.30.02:621][488]LogVSAccessor: Warning: Couldn't access Visual Studio
[2019.04.09-10.30.02:637][488]Candidate modules for hot reload:
[2019.04.09-10.30.02:637][488]  Practice_03
[2019.04.09-10.30.02:637][488]Launching UnrealBuildTool... [C:/Program Files/Epic Games/UE_4.20/Engine/Binaries/DotNET/UnrealBuildTool.exe  -ModuleWithSuffix=Practice_03,2836 Win64 Development -TargetType=Editor -Project="D:/UNREAL/Practice/CODE/Practice_05/Practice_05.uproject" -canskiplink "D:/UNREAL/Practice/CODE/Practice_05/Practice_05.uproject" ]
[2019.04.09-10.30.02:641][488]Warning: Starting HotReload took  0.0s.
[2019.04.09-10.30.39:116][891]CompilerResultsLog: New page: Compilation - Apr 9, 2019, 4:30:39 PM
[2019.04.09-10.30.39:117][891]CompilerResultsLog: Using 'git status' to determine working set for adaptive non-unity build.
[2019.04.09-10.30.39:117][891]CompilerResultsLog: Creating makefile for hot reloading Practice_03Editor (.uproject file is newer)
[2019.04.09-10.30.39:117][891]CompilerResultsLog: Compiling game modules for hot reload
[2019.04.09-10.30.39:117][891]CompilerResultsLog: Using Visual Studio 2017 14.14.26428 toolchain (C:\Program Files (x86)\Microsoft Visual Studio\2017\Community\VC\Tools\MSVC\14.14.26428) and Windows 10.0.17134.0 SDK (C:\Program Files (x86)\Windows Kits\10).
[2019.04.09-10.30.39:117][891]CompilerResultsLog: Parsing headers for Practice_03Editor
[2019.04.09-10.30.39:117][891]CompilerResultsLog:   Running UnrealHeaderTool "D:\UNREAL\Practice\CODE\Practice_05\Practice_05.uproject" "D:\UNREAL\Practice\CODE\Practice_05\Intermediate\Build\Win64\Practice_03Editor\Development\Practice_03Editor.uhtmanifest" -LogCmds="loginit warning, logexit warning, logdatabase error" -Unattended -WarningsAsErrors -installed
[2019.04.09-10.30.39:117][891]CompilerResultsLog: Reflection code generated for Practice_03Editor in 9.1250322 seconds
[2019.04.09-10.30.39:117][891]CompilerResultsLog: Building 6 actions with 8 processes...
[2019.04.09-10.30.39:117][891]CompilerResultsLog:   [1/6] Practice_03.init.gen.cpp
[2019.04.09-10.30.39:117][891]CompilerResultsLog:   [2/6] CPP_ScoreWidget.gen.cpp
[2019.04.09-10.30.39:118][891]CompilerResultsLog:   [3/6] Practice_03GameMode.cpp
[2019.04.09-10.30.39:118][891]CompilerResultsLog:   [4/6] CPP_ScoreWidget.cpp
[2019.04.09-10.30.39:118][891]CompilerResultsLog:   [5/6] UE4Editor-Practice_03-2836.lib
[2019.04.09-10.30.39:118][891]CompilerResultsLog:      Creating library D:\UNREAL\Practice\CODE\Practice_05\Intermediate\Build\Win64\UE4Editor\Development\Practice_03\UE4Editor-Practice_03-2836.lib and object D:\UNREAL\Practice\CODE\Practice_05\Intermediate\Build\Win64\UE4Editor\Development\Practice_03\UE4Editor-Practice_03-2836.exp
[2019.04.09-10.30.39:118][891]CompilerResultsLog:   [6/6] UE4Editor-Practice_03-2836.dll
[2019.04.09-10.30.39:118][891]CompilerResultsLog:      Creating library D:\UNREAL\Practice\CODE\Practice_05\Intermediate\Build\Win64\UE4Editor\Development\Practice_03\UE4Editor-Practice_03-2836.suppressed.lib and object D:\UNREAL\Practice\CODE\Practice_05\Intermediate\Build\Win64\UE4Editor\Development\Practice_03\UE4Editor-Practice_03-2836.suppressed.exp
[2019.04.09-10.30.39:118][891]CompilerResultsLog: Total build time: 35.96 seconds (Parallel executor: 6.33 seconds)
[2019.04.09-10.30.39:118][891]LogMainFrame: MainFrame: Module compiling took 36.497 seconds
[2019.04.09-10.30.39:163][891]LogClass: Could not find existing class CPP_ScoreWidget in package /Script/Practice_03 for HotReload, assuming new class
[2019.04.09-10.30.39:163][891]LogClass: Function DieMessage is new.
[2019.04.09-10.30.39:163][891]LogClass: Function GetScore is new.
[2019.04.09-10.30.39:163][891]LogClass: Function SetScoreText is new.
[2019.04.09-10.30.39:163][891]LogClass: Function UpdateScreenHud is new.
[2019.04.09-10.30.39:170][891]LogHotReload: Re-instancing CPP_ScoreWidget after hot-reload.
[2019.04.09-10.30.39:257][891]LogContentBrowser: Native class hierarchy updated for 'Practice_03' in 0.0005 seconds. Added 6 classes and 2 folders.
[2019.04.09-10.30.39:259][891]Display: HotReload successful (8 functions remapped  0 scriptstructs remapped)
[2019.04.09-10.30.39:373][891]LogContentBrowser: Native class hierarchy populated in 0.0081 seconds. Added 2579 classes and 607 folders.
[2019.04.09-10.30.39:373][891]Display: HotReload took 36.8s.
[2019.04.09-10.30.48:190][921]LogTemp: Repeating last play command: Selected Viewport
[2019.04.09-10.30.48:202][921]LogBlueprintUserMessages: Early PlayInEditor Detection: Level '/Game/FirstPersonCPP/Maps/FirstPersonExampleMap.FirstPersonExampleMap:PersistentLevel' has LevelScriptBlueprint '/Game/FirstPersonCPP/Maps/FirstPersonExampleMap.FirstPersonExampleMap:PersistentLevel.FirstPersonExampleMap' with GeneratedClass '/Game/FirstPersonCPP/Maps/FirstPersonExampleMap.FirstPersonExampleMap_C' with ClassGeneratedBy '/Game/FirstPersonCPP/Maps/FirstPersonExampleMap.FirstPersonExampleMap:PersistentLevel.FirstPersonExampleMap'
[2019.04.09-10.30.48:202][921]LogPlayLevel: PlayLevel: No blueprints needed recompiling
[2019.04.09-10.30.48:214][921]PIE: New page: PIE session: FirstPersonExampleMap (Apr 9, 2019, 4:30:48 PM)
[2019.04.09-10.30.48:214][921]LogPlayLevel: Creating play world package: /Game/FirstPersonCPP/Maps/UEDPIE_0_FirstPersonExampleMap
[2019.04.09-10.30.48:234][921]LogPlayLevel: PIE: StaticDuplicateObject took: (0.020006s)
[2019.04.09-10.30.48:235][921]LogAIModule: Creating AISystem for world FirstPersonExampleMap
[2019.04.09-10.30.48:235][921]LogPlayLevel: PIE: World Init took: (0.000894s)
[2019.04.09-10.30.48:235][921]LogPlayLevel: PIE: Created PIE world by copying editor world from /Game/FirstPersonCPP/Maps/FirstPersonExampleMap.FirstPersonExampleMap to /Game/FirstPersonCPP/Maps/UEDPIE_0_FirstPersonExampleMap.FirstPersonExampleMap (0.021125s)
[2019.04.09-10.30.48:268][921]LogInit: XAudio2 using 'Headphones (High Definition Audio Device)' : 2 channels at 48 kHz using 16 bits per sample (channel mask 0x3)
[2019.04.09-10.30.48:277][921]LogInit: FAudioDevice initialized.
[2019.04.09-10.30.48:322][921]LogLoad: Game class is 'BP_03GameMode_C'
[2019.04.09-10.30.48:324][921]LogWorld: Bringing World /Game/FirstPersonCPP/Maps/UEDPIE_0_FirstPersonExampleMap.FirstPersonExampleMap up for play (max tick rate 0) at 2019.04.09-13.30.48
[2019.04.09-10.30.48:325][921]LogWorld: Bringing up level for play took: 0.001804
[2019.04.09-10.30.48:374][921]LogContentBrowser: Native class hierarchy updated for 'MovieSceneCapture' in 0.0003 seconds. Added 10 classes and 0 folders.
[2019.04.09-10.30.48:374][921]LogTemp: Warning: File read
[2019.04.09-10.30.48:375][921]LogTemp: Warning: Shoots is - 16
[2019.04.09-10.30.48:375][921]PIE: Play in editor start time for /Game/FirstPersonCPP/Maps/UEDPIE_0_FirstPersonExampleMap -0.23
[2019.04.09-10.30.48:375][921]LogBlueprintUserMessages: Late PlayInEditor Detection: Level '/Game/FirstPersonCPP/Maps/FirstPersonExampleMap.FirstPersonExampleMap:PersistentLevel' has LevelScriptBlueprint '/Game/FirstPersonCPP/Maps/FirstPersonExampleMap.FirstPersonExampleMap:PersistentLevel.FirstPersonExampleMap' with GeneratedClass '/Game/FirstPersonCPP/Maps/FirstPersonExampleMap.FirstPersonExampleMap_C' with ClassGeneratedBy '/Game/FirstPersonCPP/Maps/FirstPersonExampleMap.FirstPersonExampleMap:PersistentLevel.FirstPersonExampleMap'
[2019.04.09-10.30.51:845][313]LogTemp: Warning: Health is - 90.000000
[2019.04.09-10.30.54:762][663]LogTemp: Warning: Health is - 90.000000
[2019.04.09-10.30.55:244][721]LogTemp: Warning: Health is - 80.000000
[2019.04.09-10.30.56:695][895]LogTemp: Warning: Health is - 70.000000
[2019.04.09-10.30.57:512][993]LogTemp: Warning: Health is - 60.000000
[2019.04.09-10.30.58:787][146]LogTemp: Warning: Health is - 50.000000
[2019.04.09-10.30.59:347][213]LogTemp: Warning: Health is - 40.000000
[2019.04.09-10.30.59:847][273]LogTemp: Warning: Health is - 30.000000
[2019.04.09-10.31.00:425][342]LogTemp: Warning: Health is - 20.000000
[2019.04.09-10.31.01:000][411]LogTemp: Warning: Health is - 10.000000
[2019.04.09-10.31.01:492][470]LogTemp: Warning: Health is - 0.000000
[2019.04.09-10.31.01:492][470]LogTemp: Warning: Score is - 10.000000
[2019.04.09-10.31.05:653][969]LogBlueprintUserMessages: Early EndPlayMap Detection: Level '/Game/FirstPersonCPP/Maps/FirstPersonExampleMap.FirstPersonExampleMap:PersistentLevel' has LevelScriptBlueprint '/Game/FirstPersonCPP/Maps/FirstPersonExampleMap.FirstPersonExampleMap:PersistentLevel.FirstPersonExampleMap' with GeneratedClass '/Game/FirstPersonCPP/Maps/FirstPersonExampleMap.FirstPersonExampleMap_C' with ClassGeneratedBy '/Game/FirstPersonCPP/Maps/FirstPersonExampleMap.FirstPersonExampleMap:PersistentLevel.FirstPersonExampleMap'
[2019.04.09-10.31.05:653][969]LogSlate: Updating window title bar state: overlay mode, drag disabled, window buttons hidden, title bar hidden
[2019.04.09-10.31.05:688][969]LogPlayLevel: Display: Shutting down PIE online subsystems
[2019.04.09-10.31.05:688][969]LogBlueprintUserMessages: Late EndPlayMap Detection: Level '/Game/FirstPersonCPP/Maps/FirstPersonExampleMap.FirstPersonExampleMap:PersistentLevel' has LevelScriptBlueprint '/Game/FirstPersonCPP/Maps/FirstPersonExampleMap.FirstPersonExampleMap:PersistentLevel.FirstPersonExampleMap' with GeneratedClass '/Game/FirstPersonCPP/Maps/FirstPersonExampleMap.FirstPersonExampleMap_C' with ClassGeneratedBy '/Game/FirstPersonCPP/Maps/FirstPersonExampleMap.FirstPersonExampleMap:PersistentLevel.FirstPersonExampleMap'
[2019.04.09-10.31.05:706][969]LogSlate: Updating window title bar state: overlay mode, drag disabled, window buttons hidden, title bar hidden
[2019.04.09-10.31.05:755][973]LogPlayLevel: Display: Destroying online subsystem :Context_1
[2019.04.09-10.31.07:227][149]LogSlate: FSceneViewport::OnFocusLost() reason 0
[2019.04.09-10.31.07:395][161]LogSlate: Window 'Practice_05 - Unreal Editor' being destroyed
[2019.04.09-10.31.07:396][161]LogWindowsTextInputMethodSystem: Display: IME system now deactivated.
[2019.04.09-10.31.07:567][162]Cmd: QUIT_EDITOR
[2019.04.09-10.31.08:263][162]LogExit: Preparing to exit.
[2019.04.09-10.31.09:283][162]LogExit: Editor shut down
[2019.04.09-10.31.09:283][162]LogExit: Transaction tracking system shut down
[2019.04.09-10.31.09:917][162]LogExit: Object subsystem successfully closed.
[2019.04.09-10.31.09:938][162]LogShaderCompilers: Display: Shaders left to compile 0
[2019.04.09-10.31.09:940][162]LogD3D11RHI: Shutdown
[2019.04.09-10.31.09:940][162]LogD3D11RHI: CleanupD3DDevice
[2019.04.09-10.31.09:942][162]LogD3D11RHI: ~FD3D11DynamicRHI
[2019.04.09-10.31.09:967][162]LogModuleManager: Shutting down and abandoning module MovieSceneCapture (617)
[2019.04.09-10.31.09:967][162]LogModuleManager: Shutting down and abandoning module Voice (615)
[2019.04.09-10.31.09:967][162]LogModuleManager: Shutting down and abandoning module Practice_03 (613)
[2019.04.09-10.31.09:967][162]LogModuleManager: Shutting down and abandoning module HierarchicalLODOutliner (612)
[2019.04.09-10.31.09:967][162]LogModuleManager: Shutting down and abandoning module SceneOutliner (610)
[2019.04.09-10.31.09:967][162]LogModuleManager: Shutting down and abandoning module AddContentDialog (608)
[2019.04.09-10.31.09:969][162]LogModuleManager: Shutting down and abandoning module WidgetCarousel (607)
[2019.04.09-10.31.09:969][162]LogModuleManager: Shutting down and abandoning module EditorWidgets (604)
[2019.04.09-10.31.09:969][162]LogModuleManager: Shutting down and abandoning module CollectionManager (602)
[2019.04.09-10.31.09:969][162]LogModuleManager: Shutting down and abandoning module StatsViewer (600)
[2019.04.09-10.31.09:969][162]LogModuleManager: Shutting down and abandoning module FoliageEdit (598)
[2019.04.09-10.31.09:969][162]LogModuleManager: Shutting down and abandoning module LandscapeEditor (596)
[2019.04.09-10.31.09:969][162]LogModuleManager: Shutting down and abandoning module MeshPaintMode (594)
[2019.04.09-10.31.09:969][162]LogModuleManager: Shutting down and abandoning module SceneDepthPickerMode (592)
[2019.04.09-10.31.09:969][162]LogModuleManager: Shutting down and abandoning module ActorPickerMode (590)
[2019.04.09-10.31.09:969][162]LogModuleManager: Shutting down and abandoning module GeometryMode (588)
[2019.04.09-10.31.09:969][162]LogModuleManager: Shutting down and abandoning module TextureAlignMode (586)
[2019.04.09-10.31.09:970][162]LogModuleManager: Shutting down and abandoning module BspMode (584)
[2019.04.09-10.31.09:970][162]LogModuleManager: Shutting down and abandoning module PIEPreviewDeviceProfileSelector (582)
[2019.04.09-10.31.09:970][162]LogModuleManager: Shutting down and abandoning module SequenceRecorderSections (580)
[2019.04.09-10.31.09:970][162]LogModuleManager: Shutting down and abandoning module AutomationWorker (578)
[2019.04.09-10.31.09:970][162]LogModuleManager: Shutting down and abandoning module AudioCaptureEditor (576)
[2019.04.09-10.31.09:970][162]LogModuleManager: Shutting down and abandoning module SequenceRecorder (575)
[2019.04.09-10.31.09:970][162]LogModuleManager: Shutting down and abandoning module MatineeToLevelSequence (572)
[2019.04.09-10.31.09:970][162]LogModuleManager: Shutting down and abandoning module LevelSequenceEditor (570)
[2019.04.09-10.31.09:970][162]LogModuleManager: Shutting down and abandoning module PlacementMode (569)
[2019.04.09-10.31.09:970][162]LogModuleManager: Shutting down and abandoning module MaterialEditor (568)
[2019.04.09-10.31.09:970][162]LogModuleManager: Shutting down and abandoning module WmfMediaFactory (564)
[2019.04.09-10.31.09:970][162]LogModuleManager: Shutting down and abandoning module WmfMediaEditor (562)
[2019.04.09-10.31.09:970][162]LogModuleManager: Shutting down and abandoning module MediaPlayerEditor (560)
[2019.04.09-10.31.09:970][162]LogModuleManager: Shutting down and abandoning module OpenExrWrapper (558)
[2019.04.09-10.31.09:970][162]LogModuleManager: Shutting down and abandoning module ImgMediaFactory (556)
[2019.04.09-10.31.09:970][162]LogModuleManager: Shutting down and abandoning module ImgMediaEditor (554)
[2019.04.09-10.31.09:970][162]LogModuleManager: Shutting down and abandoning module AvfMediaFactory (552)
[2019.04.09-10.31.09:970][162]LogModuleManager: Shutting down and abandoning module AvfMediaEditor (550)
[2019.04.09-10.31.09:970][162]LogModuleManager: Shutting down and abandoning module AndroidMediaFactory (548)
[2019.04.09-10.31.09:970][162]LogModuleManager: Shutting down and abandoning module AndroidMediaEditor (546)
[2019.04.09-10.31.09:970][162]LogModuleManager: Shutting down and abandoning module MagicLeapCameraPreviewFactory (544)
[2019.04.09-10.31.09:970][162]LogModuleManager: Shutting down and abandoning module MagicLeapMediaFactory (542)
[2019.04.09-10.31.09:970][162]LogModuleManager: Shutting down and abandoning module MagicLeapMediaEditor (540)
[2019.04.09-10.31.09:970][162]LogModuleManager: Shutting down and abandoning module CharacterAI (538)
[2019.04.09-10.31.09:970][162]LogModuleManager: Shutting down and abandoning module SmartSnapping (536)
[2019.04.09-10.31.09:970][162]LogModuleManager: Shutting down and abandoning module SessionServices (534)
[2019.04.09-10.31.09:970][162]LogModuleManager: Shutting down and abandoning module ViewportSnapping (532)
[2019.04.09-10.31.09:970][162]LogModuleManager: Shutting down and abandoning module ViewportInteraction (530)
[2019.04.09-10.31.09:970][162]LogModuleManager: Shutting down and abandoning module ClothPainter (528)
[2019.04.09-10.31.09:970][162]LogModuleManager: Shutting down and abandoning module SkeletalMeshEditor (527)
[2019.04.09-10.31.09:970][162]LogModuleManager: Shutting down and abandoning module LogVisualizer (524)
[2019.04.09-10.31.09:970][162]LogModuleManager: Shutting down and abandoning module IntroTutorials (522)
[2019.04.09-10.31.09:970][162]LogModuleManager: Shutting down and abandoning module GameProjectGeneration (521)
[2019.04.09-10.31.09:970][162]LogModuleManager: Shutting down and abandoning module LuminPlatformEditor (518)
[2019.04.09-10.31.09:970][162]LogModuleManager: Shutting down and abandoning module IOSPlatformEditor (516)
[2019.04.09-10.31.09:970][162]LogModuleManager: Shutting down and abandoning module HTML5PlatformEditor (514)
[2019.04.09-10.31.09:970][162]LogModuleManager: Shutting down and abandoning module AndroidPlatformEditor (512)
[2019.04.09-10.31.09:970][162]LogModuleManager: Shutting down and abandoning module AndroidDeviceDetection (511)
[2019.04.09-10.31.10:226][162]LogModuleManager: Shutting down and abandoning module WindowsPlatformEditor (508)
[2019.04.09-10.31.10:226][162]LogModuleManager: Shutting down and abandoning module LuminRuntimeSettings (506)
[2019.04.09-10.31.10:226][162]LogModuleManager: Shutting down and abandoning module IOSRuntimeSettings (504)
[2019.04.09-10.31.10:226][162]LogModuleManager: Shutting down and abandoning module AndroidRuntimeSettings (502)
[2019.04.09-10.31.10:226][162]LogModuleManager: Shutting down and abandoning module InputBindingEditor (500)
[2019.04.09-10.31.10:226][162]LogModuleManager: Shutting down and abandoning module MergeActors (498)
[2019.04.09-10.31.10:226][162]LogModuleManager: Shutting down and abandoning module LocalizationDashboard (496)
[2019.04.09-10.31.10:226][162]LogModuleManager: Shutting down and abandoning module LocalizationService (495)
[2019.04.09-10.31.10:226][162]LogModuleManager: Shutting down and abandoning module HardwareTargeting (492)
[2019.04.09-10.31.10:226][162]LogModuleManager: Shutting down and abandoning module DeviceProfileEditor (490)
[2019.04.09-10.31.10:226][162]LogModuleManager: Shutting down and abandoning module UndoHistory (488)
[2019.04.09-10.31.10:227][162]LogModuleManager: Shutting down and abandoning module XmlParser (486)
[2019.04.09-10.31.10:227][162]LogModuleManager: Shutting down and abandoning module Blutility (484)
[2019.04.09-10.31.10:227][162]LogModuleManager: Shutting down and abandoning module ProjectSettingsViewer (482)
[2019.04.09-10.31.10:227][162]LogModuleManager: Shutting down and abandoning module ProjectTargetPlatformEditor (481)
[2019.04.09-10.31.10:227][162]LogModuleManager: Shutting down and abandoning module EditorSettingsViewer (478)
[2019.04.09-10.31.10:227][162]LogModuleManager: Shutting down and abandoning module SettingsEditor (476)
[2019.04.09-10.31.10:227][162]LogModuleManager: Shutting down and abandoning module ProjectLauncher (474)
[2019.04.09-10.31.10:227][162]LogModuleManager: Shutting down and abandoning module SessionFrontend (472)
[2019.04.09-10.31.10:227][162]LogModuleManager: Shutting down and abandoning module ProfilerClient (470)
[2019.04.09-10.31.10:227][162]LogModuleManager: Shutting down and abandoning module DeviceManager (468)
[2019.04.09-10.31.10:227][162]LogModuleManager: Shutting down and abandoning module TargetDeviceServices (467)
[2019.04.09-10.31.10:282][162]LogModuleManager: Shutting down and abandoning module AutomationController (464)
[2019.04.09-10.31.10:282][162]LogModuleManager: Shutting down and abandoning module AutomationWindow (462)
[2019.04.09-10.31.10:282][162]LogModuleManager: Shutting down and abandoning module Layers (460)
[2019.04.09-10.31.10:282][162]LogModuleManager: Shutting down and abandoning module ComponentVisualizers (458)
[2019.04.09-10.31.10:282][162]LogModuleManager: Shutting down and abandoning module DetailCustomizations (456)
[2019.04.09-10.31.10:282][162]LogModuleManager: Shutting down and abandoning module PackagesDialog (454)
[2019.04.09-10.31.10:282][162]LogModuleManager: Shutting down and abandoning module Persona (452)
[2019.04.09-10.31.10:282][162]LogModuleManager: Shutting down and abandoning module AdvancedPreviewScene (451)
[2019.04.09-10.31.10:282][162]LogModuleManager: Shutting down and abandoning module AnimGraph (449)
[2019.04.09-10.31.10:282][162]LogModuleManager: Shutting down and abandoning module Kismet (446)
[2019.04.09-10.31.10:282][162]LogModuleManager: Shutting down and abandoning module GraphEditor (444)
[2019.04.09-10.31.10:282][162]LogModuleManager: Shutting down and abandoning module ClassViewer (442)
[2019.04.09-10.31.10:283][162]LogModuleManager: Shutting down and abandoning module Toolbox (440)
[2019.04.09-10.31.10:283][162]LogModuleManager: Shutting down and abandoning module DesktopPlatform (439)
[2019.04.09-10.31.10:283][162]LogModuleManager: Shutting down and abandoning module ModuleUI (436)
[2019.04.09-10.31.10:283][162]LogModuleManager: Shutting down and abandoning module MovieSceneTools (434)
[2019.04.09-10.31.10:283][162]LogModuleManager: Shutting down and abandoning module OutputLog (432)
[2019.04.09-10.31.10:283][162]LogModuleManager: Shutting down and abandoning module GammaUI (430)
[2019.04.09-10.31.10:283][162]LogModuleManager: Shutting down and abandoning module Documentation (428)
[2019.04.09-10.31.10:283][162]LogModuleManager: Shutting down and abandoning module MovieSceneTracks (426)
[2019.04.09-10.31.10:283][162]LogModuleManager: Shutting down and abandoning module MovieScene (424)
[2019.04.09-10.31.10:283][162]LogModuleManager: Shutting down and abandoning module StreamingPauseRendering (422)
[2019.04.09-10.31.10:283][162]LogModuleManager: Shutting down and abandoning module LauncherPlatform (420)
[2019.04.09-10.31.10:283][162]LogModuleManager: Shutting down and abandoning module AnalyticsET (418)
[2019.04.09-10.31.10:283][162]LogModuleManager: Shutting down and abandoning module PortalServices (416)
[2019.04.09-10.31.10:283][162]LogModuleManager: Shutting down and abandoning module PortalRpc (414)
[2019.04.09-10.31.10:283][162]LogModuleManager: Shutting down and abandoning module MessagingRpc (412)
[2019.04.09-10.31.10:283][162]LogModuleManager: Shutting down and abandoning module AIModule (410)
[2019.04.09-10.31.10:283][162]LogModuleManager: Shutting down and abandoning module GameplayDebugger (409)
[2019.04.09-10.31.10:283][162]LogModuleManager: Shutting down and abandoning module AITestSuite (407)
[2019.04.09-10.31.10:283][162]LogModuleManager: Shutting down and abandoning module NavigationSystem (405)
[2019.04.09-10.31.10:283][162]LogModuleManager: Shutting down and abandoning module ProfilerService (402)
[2019.04.09-10.31.10:376][162]LogModuleManager: Shutting down and abandoning module TaskGraph (400)
[2019.04.09-10.31.10:376][162]LogModuleManager: Shutting down and abandoning module SteamVRController (398)
[2019.04.09-10.31.10:376][162]LogModuleManager: Shutting down and abandoning module ProceduralMeshComponentEditor (396)
[2019.04.09-10.31.10:376][162]LogModuleManager: Shutting down and abandoning module ProceduralMeshComponent (394)
[2019.04.09-10.31.10:376][162]LogModuleManager: Shutting down and abandoning module OculusInput (392)
[2019.04.09-10.31.10:376][162]LogModuleManager: Shutting down and abandoning module MobilePatchingUtils (390)
[2019.04.09-10.31.10:376][162]LogModuleManager: Shutting down and abandoning module EditableMesh (388)
[2019.04.09-10.31.10:376][162]LogModuleManager: Shutting down and abandoning module CustomMeshComponent (386)
[2019.04.09-10.31.10:376][162]LogModuleManager: Shutting down and abandoning module CableComponent (384)
[2019.04.09-10.31.10:376][162]LogModuleManager: Shutting down and abandoning module AudioCapture (382)
[2019.04.09-10.31.10:376][162]LogModuleManager: Shutting down and abandoning module ArchVisCharacter (380)
[2019.04.09-10.31.10:376][162]LogModuleManager: Shutting down and abandoning module AndroidPermission (378)
[2019.04.09-10.31.10:376][162]LogModuleManager: Shutting down and abandoning module NUTUnrealEngine4 (376)
[2019.04.09-10.31.10:376][162]LogModuleManager: Shutting down and abandoning module NetcodeUnitTest (374)
[2019.04.09-10.31.10:376][162]LogModuleManager: Shutting down and abandoning module MediaCompositingEditor (372)
[2019.04.09-10.31.10:376][162]LogModuleManager: Shutting down and abandoning module MediaCompositing (370)
[2019.04.09-10.31.10:376][162]LogModuleManager: Shutting down and abandoning module LinearTimecode (368)
[2019.04.09-10.31.10:376][162]LogModuleManager: Shutting down and abandoning module ImgMedia (366)
[2019.04.09-10.31.10:379][162]LogModuleManager: Shutting down and abandoning module HTML5Networking (364)
[2019.04.09-10.31.10:379][162]LogModuleManager: Shutting down and abandoning module GeometryCacheTracks (362)
[2019.04.09-10.31.10:379][162]LogModuleManager: Shutting down and abandoning module GeometryCacheSequencer (360)
[2019.04.09-10.31.10:379][162]LogModuleManager: Shutting down and abandoning module BackChannel (358)
[2019.04.09-10.31.10:379][162]LogModuleManager: Shutting down and abandoning module AppleVision (356)
[2019.04.09-10.31.10:379][162]LogModuleManager: Shutting down and abandoning module AppleImageUtils (354)
[2019.04.09-10.31.10:379][162]LogModuleManager: Shutting down and abandoning module AlembicImporter (352)
[2019.04.09-10.31.10:379][162]LogModuleManager: Shutting down and abandoning module AlembicLibrary (351)
[2019.04.09-10.31.10:379][162]LogModuleManager: Shutting down and abandoning module GeometryCache (350)
[2019.04.09-10.31.10:379][162]LogModuleManager: Shutting down and abandoning module GeometryCacheEd (349)
[2019.04.09-10.31.10:379][162]LogModuleManager: Shutting down and abandoning module DatasmithContentEditor (344)
[2019.04.09-10.31.10:379][162]LogModuleManager: Shutting down and abandoning module DatasmithContent (342)
[2019.04.09-10.31.10:379][162]LogModuleManager: Shutting down and abandoning module SpeedTreeImporter (340)
[2019.04.09-10.31.10:379][162]LogModuleManager: Shutting down and abandoning module PluginBrowser (338)
[2019.04.09-10.31.10:379][162]LogModuleManager: Shutting down and abandoning module MobileLauncherProfileWizard (336)
[2019.04.09-10.31.10:379][162]LogModuleManager: Shutting down and abandoning module PolygonModeling (334)
[2019.04.09-10.31.10:379][162]LogModuleManager: Shutting down and abandoning module MeshEditor (332)
[2019.04.09-10.31.10:379][162]LogModuleManager: Shutting down and abandoning module CryptoKeysOpenSSL (330)
[2019.04.09-10.31.10:379][162]LogModuleManager: Shutting down and abandoning module CryptoKeys (328)
[2019.04.09-10.31.10:379][162]LogModuleManager: Shutting down and abandoning module VisualStudioSourceCodeAccess (326)
[2019.04.09-10.31.10:379][162]LogModuleManager: Shutting down and abandoning module VisualStudioCodeSourceCodeAccess (324)
[2019.04.09-10.31.10:379][162]LogModuleManager: Shutting down and abandoning module UObjectPlugin (322)
[2019.04.09-10.31.10:379][162]LogModuleManager: Shutting down and abandoning module SubversionSourceControl (320)
[2019.04.09-10.31.10:379][162]LogModuleManager: Shutting down and abandoning module PerforceSourceControl (318)
[2019.04.09-10.31.10:379][162]LogModuleManager: Shutting down and abandoning module GitSourceControl (316)
[2019.04.09-10.31.10:379][162]LogModuleManager: Shutting down and abandoning module SourceControl (315)
[2019.04.09-10.31.10:380][162]LogModuleManager: Shutting down and abandoning module CLionSourceCodeAccess (312)
[2019.04.09-10.31.10:380][162]LogModuleManager: Shutting down and abandoning module LightPropagationVolumeEditor (310)
[2019.04.09-10.31.10:380][162]LogModuleManager: Shutting down and abandoning module PaperTiledImporter (308)
[2019.04.09-10.31.10:380][162]LogModuleManager: Shutting down and abandoning module PaperSpriteSheetImporter (306)
[2019.04.09-10.31.10:380][162]LogModuleManager: Shutting down and abandoning module Paper2DEditor (304)
[2019.04.09-10.31.10:380][162]LogModuleManager: Shutting down and abandoning module MeshPaint (303)
[2019.04.09-10.31.10:380][162]LogModuleManager: Shutting down and abandoning module RuntimePhysXCooking (298)
[2019.04.09-10.31.10:380][162]LogModuleManager: Shutting down and abandoning module PhysXVehiclesEditor (296)
[2019.04.09-10.31.10:380][162]LogModuleManager: Shutting down and abandoning module PhysXVehicles (294)
[2019.04.09-10.31.10:380][162]LogModuleManager: Shutting down and abandoning module OculusEditor (292)
[2019.04.09-10.31.10:380][162]LogModuleManager: Shutting down and abandoning module LocationServicesBPLibrary (290)
[2019.04.09-10.31.10:380][162]LogModuleManager: Shutting down and abandoning module ImmediatePhysicsEditor (288)
[2019.04.09-10.31.10:380][162]LogModuleManager: Shutting down and abandoning module ImmediatePhysics (286)
[2019.04.09-10.31.10:380][162]LogModuleManager: Shutting down and abandoning module ActorSequence (284)
[2019.04.09-10.31.10:380][162]LogModuleManager: Shutting down and abandoning module UdpMessaging (282)
[2019.04.09-10.31.10:480][162]LogModuleManager: Shutting down and abandoning module TcpMessaging (280)
[2019.04.09-10.31.10:581][162]LogModuleManager: Shutting down and abandoning module MagicLeapAudio (278)
[2019.04.09-10.31.10:581][162]LogModuleManager: Shutting down and abandoning module GameplayTagsEditor (276)
[2019.04.09-10.31.10:581][162]LogModuleManager: Shutting down and abandoning module FacialAnimationEditor (274)
[2019.04.09-10.31.10:581][162]LogModuleManager: Shutting down and abandoning module FacialAnimation (272)
[2019.04.09-10.31.10:581][162]LogModuleManager: Shutting down and abandoning module DataValidation (270)
[2019.04.09-10.31.10:581][162]LogModuleManager: Shutting down and abandoning module AssetManagerEditor (268)
[2019.04.09-10.31.10:581][162]LogModuleManager: Shutting down and abandoning module LevelEditor (267)
[2019.04.09-10.31.10:582][162]LogModuleManager: Shutting down and abandoning module PixelInspectorModule (266)
[2019.04.09-10.31.10:582][162]LogModuleManager: Shutting down and abandoning module CommonMenuExtensions (264)
[2019.04.09-10.31.10:583][162]LogModuleManager: Shutting down and abandoning module MainFrame (262)
[2019.04.09-10.31.10:583][162]LogModuleManager: Shutting down and abandoning module HotReload (261)
[2019.04.09-10.31.10:583][162]LogModuleManager: Shutting down and abandoning module ContentBrowser (257)
[2019.04.09-10.31.10:585][162]LogModuleManager: Shutting down and abandoning module TreeMap (255)
[2019.04.09-10.31.10:585][162]LogModuleManager: Shutting down and abandoning module LightPropagationVolumeRuntime (252)
[2019.04.09-10.31.10:585][162]LogModuleManager: Shutting down and abandoning module AISupportModule (250)
[2019.04.09-10.31.10:585][162]LogModuleManager: Shutting down and abandoning module Paper2D (248)
[2019.04.09-10.31.10:585][162]LogModuleManager: Shutting down and abandoning module WindowsMoviePlayer (246)
[2019.04.09-10.31.10:585][162]LogModuleManager: Shutting down and abandoning module WmfMedia (244)
[2019.04.09-10.31.10:587][162]LogModuleManager: Shutting down and abandoning module Media (243)
[2019.04.09-10.31.10:593][162]LogModuleManager: Shutting down and abandoning module PacketHandler (240)
[2019.04.09-10.31.10:593][162]LogModuleManager: Shutting down and abandoning module ClothingSystemEditor (238)
[2019.04.09-10.31.10:593][162]LogModuleManager: Shutting down and abandoning module ClothingSystemRuntime (236)
[2019.04.09-10.31.10:593][162]LogModuleManager: Shutting down and abandoning module MediaAssets (234)
[2019.04.09-10.31.10:594][162]LogModuleManager: Shutting down and abandoning module Overlay (232)
[2019.04.09-10.31.10:594][162]LogModuleManager: Shutting down and abandoning module OverlayEditor (231)
[2019.04.09-10.31.10:594][162]LogModuleManager: Shutting down and abandoning module VREditor (228)
[2019.04.09-10.31.10:594][162]LogModuleManager: Shutting down and abandoning module StringTableEditor (226)
[2019.04.09-10.31.10:594][162]LogModuleManager: Shutting down and abandoning module GameplayTasksEditor (224)
[2019.04.09-10.31.10:594][162]LogModuleManager: Shutting down and abandoning module BehaviorTreeEditor (222)
[2019.04.09-10.31.10:594][162]LogModuleManager: Shutting down and abandoning module FunctionalTesting (220)
[2019.04.09-10.31.10:594][162]LogModuleManager: Shutting down and abandoning module CollisionAnalyzer (218)
[2019.04.09-10.31.10:594][162]LogModuleManager: Shutting down and abandoning module WorkspaceMenuStructure (217)
[2019.04.09-10.31.10:594][162]LogModuleManager: Shutting down and abandoning module UMG (214)
[2019.04.09-10.31.10:594][162]LogModuleManager: Shutting down and abandoning module UMGEditor (213)
[2019.04.09-10.31.10:594][162]LogModuleManager: Shutting down and abandoning module Sequencer (212)
[2019.04.09-10.31.10:594][162]LogModuleManager: Shutting down and abandoning module MessageLog (209)
[2019.04.09-10.31.10:594][162]LogModuleManager: Shutting down and abandoning module SlateReflector (204)
[2019.04.09-10.31.10:595][162]LogModuleManager: Shutting down and abandoning module Slate (202)
[2019.04.09-10.31.10:595][162]LogModuleManager: Shutting down and abandoning module EditorStyle (200)
[2019.04.09-10.31.10:598][162]LogModuleManager: Shutting down and abandoning module MRMesh (198)
[2019.04.09-10.31.10:598][162]LogModuleManager: Shutting down and abandoning module SourceCodeAccess (196)
[2019.04.09-10.31.10:598][162]LogModuleManager: Shutting down and abandoning module HeadMountedDisplay (194)
[2019.04.09-10.31.10:598][162]LogModuleManager: Shutting down and abandoning module XAudio2 (192)
[2019.04.09-10.31.10:598][162]LogModuleManager: Shutting down and abandoning module Networking (190)
[2019.04.09-10.31.10:598][162]LogModuleManager: Shutting down and abandoning module Core (188)
[2019.04.09-10.31.10:598][162]LogModuleManager: Shutting down and abandoning module LevelSequence (186)
[2019.04.09-10.31.10:598][162]LogModuleManager: Shutting down and abandoning module KismetCompiler (184)
[2019.04.09-10.31.10:598][162]LogModuleManager: Shutting down and abandoning module MeshUtilities (182)
[2019.04.09-10.31.10:598][162]LogModuleManager: Shutting down and abandoning module MeshMergeUtilities (181)
[2019.04.09-10.31.10:598][162]LogModuleManager: Shutting down and abandoning module MeshReductionInterface (180)
[2019.04.09-10.31.10:598][162]LogModuleManager: Shutting down and abandoning module SimplygonSwarm (179)
[2019.04.09-10.31.10:598][162]LogModuleManager: Shutting down and abandoning module ProxyLODMeshReduction (177)
[2019.04.09-10.31.10:598][162]LogModuleManager: Shutting down and abandoning module SimplygonMeshReduction (175)
[2019.04.09-10.31.10:598][162]LogModuleManager: Shutting down and abandoning module QuadricMeshReduction (173)
[2019.04.09-10.31.10:598][162]LogModuleManager: Shutting down and abandoning module MaterialBaking (169)
[2019.04.09-10.31.10:599][162]LogModuleManager: Shutting down and abandoning module DirectoryWatcher (165)
[2019.04.09-10.31.10:599][162]LogModuleManager: Shutting down and abandoning module DerivedDataCache (162)
[2019.04.09-10.31.10:701][162]LogDerivedDataCache: Shutdown
[2019.04.09-10.31.10:701][162]LogModuleManager: Shutting down and abandoning module XGEController (160)
[2019.04.09-10.31.10:701][162]LogModuleManager: Shutting down and abandoning module TargetPlatform (158)
[2019.04.09-10.31.10:701][162]LogModuleManager: Shutting down and abandoning module VulkanShaderFormat (157)
[2019.04.09-10.31.10:701][162]LogModuleManager: Shutting down and abandoning module ShaderFormatVectorVM (155)
[2019.04.09-10.31.10:702][162]LogModuleManager: Shutting down and abandoning module ShaderFormatOpenGL (153)
[2019.04.09-10.31.10:702][162]LogModuleManager: Shutting down and abandoning module ShaderFormatD3D (151)
[2019.04.09-10.31.10:702][162]LogModuleManager: Shutting down and abandoning module MetalShaderFormat (149)
[2019.04.09-10.31.10:702][162]LogModuleManager: Shutting down and abandoning module TextureFormatUncompressed (147)
[2019.04.09-10.31.10:702][162]LogModuleManager: Shutting down and abandoning module TextureFormatPVR (145)
[2019.04.09-10.31.10:702][162]LogModuleManager: Shutting down and abandoning module TextureFormatDXT (143)
[2019.04.09-10.31.10:702][162]LogModuleManager: Shutting down and abandoning module TextureFormatIntelISPCTexComp (141)
[2019.04.09-10.31.10:702][162]LogModuleManager: Shutting down and abandoning module TextureFormatASTC (139)
[2019.04.09-10.31.10:703][162]LogModuleManager: Shutting down and abandoning module ImageWrapper (138)
[2019.04.09-10.31.10:703][162]LogModuleManager: Shutting down and abandoning module TextureFormatAndroid (135)
[2019.04.09-10.31.10:703][162]LogModuleManager: Shutting down and abandoning module AudioFormatOpus (133)
[2019.04.09-10.31.10:703][162]LogModuleManager: Shutting down and abandoning module AudioFormatOgg (131)
[2019.04.09-10.31.10:703][162]LogModuleManager: Shutting down and abandoning module AudioFormatADPCM (129)
[2019.04.09-10.31.10:703][162]LogModuleManager: Shutting down and abandoning module LuminTargetPlatform (127)
[2019.04.09-10.31.10:703][162]LogModuleManager: Shutting down and abandoning module LinuxTargetPlatform (125)
[2019.04.09-10.31.10:703][162]LogModuleManager: Shutting down and abandoning module LinuxServerTargetPlatform (123)
[2019.04.09-10.31.10:703][162]LogModuleManager: Shutting down and abandoning module LinuxNoEditorTargetPlatform (121)
[2019.04.09-10.31.10:703][162]LogModuleManager: Shutting down and abandoning module LinuxClientTargetPlatform (119)
[2019.04.09-10.31.10:703][162]LogModuleManager: Shutting down and abandoning module TVOSTargetPlatform (117)
[2019.04.09-10.31.10:706][162]LogModuleManager: Shutting down and abandoning module Messaging (115)
[2019.04.09-10.31.10:706][162]LogModuleManager: Shutting down and abandoning module IOSTargetPlatform (113)
[2019.04.09-10.31.10:708][162]LogModuleManager: Shutting down and abandoning module HTML5TargetPlatform (111)
[2019.04.09-10.31.10:708][162]LogModuleManager: Shutting down and abandoning module AndroidTargetPlatform (109)
[2019.04.09-10.31.10:738][162]LogModuleManager: Shutting down and abandoning module WindowsTargetPlatform (107)
[2019.04.09-10.31.10:738][162]LogModuleManager: Shutting down and abandoning module WindowsServerTargetPlatform (105)
[2019.04.09-10.31.10:738][162]LogModuleManager: Shutting down and abandoning module WindowsNoEditorTargetPlatform (103)
[2019.04.09-10.31.10:738][162]LogModuleManager: Shutting down and abandoning module WindowsClientTargetPlatform (101)
[2019.04.09-10.31.10:739][162]LogModuleManager: Shutting down and abandoning module MacTargetPlatform (99)
[2019.04.09-10.31.10:739][162]LogModuleManager: Shutting down and abandoning module MacServerTargetPlatform (97)
[2019.04.09-10.31.10:739][162]LogModuleManager: Shutting down and abandoning module MacNoEditorTargetPlatform (95)
[2019.04.09-10.31.10:739][162]LogModuleManager: Shutting down and abandoning module MacClientTargetPlatform (93)
[2019.04.09-10.31.10:739][162]LogModuleManager: Shutting down and abandoning module AllDesktopTargetPlatform (91)
[2019.04.09-10.31.10:739][162]LogModuleManager: Shutting down and abandoning module InputCore (88)
[2019.04.09-10.31.10:739][162]LogModuleManager: Shutting down and abandoning module Settings (86)
[2019.04.09-10.31.10:739][162]LogModuleManager: Shutting down and abandoning module PhysXCooking (84)
[2019.04.09-10.31.10:739][162]LogModuleManager: Shutting down and abandoning module SteamVR (82)
[2019.04.09-10.31.10:739][162]LogModuleManager: Shutting down and abandoning module OculusHMD (80)
[2019.04.09-10.31.10:739][162]LogModuleManager: Shutting down and abandoning module ExampleDeviceProfileSelector (78)
[2019.04.09-10.31.10:739][162]LogModuleManager: Shutting down and abandoning module LauncherChunkInstaller (76)
[2019.04.09-10.31.10:740][162]LogModuleManager: Shutting down and abandoning module OnlineBlueprintSupport (74)
[2019.04.09-10.31.10:740][162]LogModuleManager: Shutting down and abandoning module OnlineSubsystem (70)
[2019.04.09-10.31.10:741][162]LogModuleManager: Shutting down and abandoning module XMPP (65)
[2019.04.09-10.31.10:742][162]LogModuleManager: Shutting down and abandoning module WebSockets (64)
[2019.04.09-10.31.10:775][162]LogModuleManager: Shutting down and abandoning module HTTP (61)
[2019.04.09-10.31.10:775][162]LogHttp: Display: Http module shutting down, but needs to wait on 1 outstanding Http requests:
[2019.04.09-10.31.10:775][162]LogHttp: Display: 	verb=[POST] url=[https://datarouter.ol.epicgames.com/datarouter/api/v1/public/data?SessionID=%7BD85A99BE-4C8C-F202-ED1B-32B954957F49%7D&AppID=UEEditor.Rocket.Release&AppVersion=4.20.3-4369336%2B%2B%2BUE4%2BRelease-4.20&UserID=83fe3350447c8a93cc2ef1b2a9895c37%7C9d636b600e724edea7e4cf8a92860827%7Ce19c84ab-42ec-440a-86a6-376ea64c7c2f&AppEnvironment=datacollector-binary&UploadType=eteventstream] status=Processing
[2019.04.09-10.31.10:799][162]LogModuleManager: Shutting down and abandoning module SSL (60)
[2019.04.09-10.31.10:801][162]LogModuleManager: Shutting down and abandoning module MagicLeapEmulator (56)
[2019.04.09-10.31.10:801][162]LogModuleManager: Shutting down and abandoning module MagicLeapPrivileges (54)
[2019.04.09-10.31.10:801][162]LogModuleManager: Shutting down and abandoning module MagicLeapIdentity (52)
[2019.04.09-10.31.10:801][162]LogModuleManager: Shutting down and abandoning module MagicLeapHelperVulkan (50)
[2019.04.09-10.31.10:801][162]LogModuleManager: Shutting down and abandoning module MagicLeapHelperOpenGL (48)
[2019.04.09-10.31.10:801][162]LogModuleManager: Shutting down and abandoning module MagicLeapSecureStorage (46)
[2019.04.09-10.31.10:801][162]LogModuleManager: Shutting down and abandoning module MagicLeapGestures (44)
[2019.04.09-10.31.10:801][162]LogModuleManager: Shutting down and abandoning module MagicLeapEyeTracker (42)
[2019.04.09-10.31.10:801][162]LogModuleManager: Shutting down and abandoning module MagicLeapController (40)
[2019.04.09-10.31.10:801][162]LogSlate: Slate User Destroyed.  User Index 0, Is Virtual User: 0
[2019.04.09-10.31.10:801][162]LogModuleManager: Shutting down and abandoning module MagicLeap (38)
[2019.04.09-10.31.10:801][162]LogModuleManager: Shutting down and abandoning module AnimationModifiers (36)
[2019.04.09-10.31.10:802][162]LogModuleManager: Shutting down and abandoning module PropertyEditor (35)
[2019.04.09-10.31.10:802][162]LogModuleManager: Shutting down and abandoning module AudioEditor (32)
[2019.04.09-10.31.10:802][162]LogModuleManager: Shutting down and abandoning module TextureCompressor (30)
[2019.04.09-10.31.10:802][162]LogModuleManager: Shutting down and abandoning module ShaderCore (28)
[2019.04.09-10.31.10:802][162]LogModuleManager: Shutting down and abandoning module Landscape (26)
[2019.04.09-10.31.10:802][162]LogModuleManager: Shutting down and abandoning module SlateRHIRenderer (24)
[2019.04.09-10.31.10:803][162]LogModuleManager: Shutting down and abandoning module OpenGLDrv (22)
[2019.04.09-10.31.10:803][162]LogModuleManager: Shutting down and abandoning module D3D11RHI (20)
[2019.04.09-10.31.10:803][162]LogModuleManager: Shutting down and abandoning module AnimGraphRuntime (18)
[2019.04.09-10.31.10:803][162]LogModuleManager: Shutting down and abandoning module Renderer (16)
[2019.04.09-10.31.10:803][162]LogModuleManager: Shutting down and abandoning module Engine (14)
[2019.04.09-10.31.10:803][162]LogModuleManager: Shutting down and abandoning module CoreUObject (12)
[2019.04.09-10.31.10:803][162]LogModuleManager: Shutting down and abandoning module NetworkFile (10)
[2019.04.09-10.31.10:803][162]LogModuleManager: Shutting down and abandoning module CookedIterativeFile (8)
[2019.04.09-10.31.10:803][162]LogModuleManager: Shutting down and abandoning module StreamingFile (6)
[2019.04.09-10.31.10:803][162]LogModuleManager: Shutting down and abandoning module SandboxFile (4)
[2019.04.09-10.31.10:803][162]LogModuleManager: Shutting down and abandoning module PakFile (2)
[2019.04.09-10.31.10:814][162]LogExit: Exiting.
[2019.04.09-10.31.10:819][162]Log file closed, 04/09/19 13:31:10
